#
# There is insufficient memory for the Java Runtime Environment to continue.
# Native memory allocation (malloc) failed to allocate 1143312 bytes for Chunk::new
# Possible reasons:
#   The system is out of physical RAM or swap space
#   In 32 bit mode, the process size limit was hit
# Possible solutions:
#   Reduce memory load on the system
#   Increase physical memory or swap space
#   Check if swap backing store is full
#   Use 64 bit Java on a 64 bit OS
#   Decrease Java heap size (-Xmx/-Xms)
#   Decrease number of Java threads
#   Decrease Java thread stack sizes (-Xss)
#   Set larger code cache with -XX:ReservedCodeCacheSize=
# This output file may be truncated or incomplete.
#
#  Out of Memory Error (allocation.cpp:390), pid=34916, tid=0x0000000000000b0c
#
# JRE version: Java(TM) SE Runtime Environment (8.0_121-b13) (build 1.8.0_121-b13)
# Java VM: Java HotSpot(TM) 64-Bit Server VM (25.121-b13 mixed mode windows-amd64 compressed oops)
# Failed to write core dump. Minidumps are not enabled by default on client versions of Windows
#

---------------  T H R E A D  ---------------

Current thread (0x0000000016501000):  JavaThread "C2 CompilerThread1" daemon [_thread_in_native, id=2828, stack(0x0000000017cd0000,0x0000000017dd0000)]

Stack: [0x0000000017cd0000,0x0000000017dd0000]
[error occurred during error reporting (printing stack bounds), id 0xc0000005]

Native frames: (J=compiled Java code, j=interpreted, Vv=VM code, C=native code)


Current CompileTask:
C2:  29367 5488       4       java.lang.Class::privateGetMethodRecursive (130 bytes)


---------------  P R O C E S S  ---------------

Java Threads: ( => current thread )
  0x0000000019875800 JavaThread "File lock request listener" [_thread_in_native, id=22388, stack(0x000000001c390000,0x000000001c490000)]
  0x0000000017fff000 JavaThread "Stdin handler" [_thread_blocked, id=45032, stack(0x000000001aec0000,0x000000001afc0000)]
  0x0000000018575000 JavaThread "Asynchronous log dispatcher for org.gradle.launcher.daemon.server.DefaultDaemonConnection@45232b13" [_thread_blocked, id=16436, stack(0x000000001adc0000,0x000000001aec0000)]
  0x000000001857d000 JavaThread "Daemon worker" [_thread_in_native, id=31668, stack(0x000000001aac0000,0x000000001abc0000)]
  0x000000001857c000 JavaThread "Cancel handler" [_thread_blocked, id=31736, stack(0x000000001a9c0000,0x000000001aac0000)]
  0x00000000185a5000 JavaThread "Handler for socket connection from /127.0.0.1:58287 to /127.0.0.1:58288" [_thread_in_native, id=25380, stack(0x000000001a8c0000,0x000000001a9c0000)]
  0x00000000185a4000 JavaThread "Daemon" [_thread_blocked, id=51976, stack(0x000000001a7c0000,0x000000001a8c0000)]
  0x0000000019653800 JavaThread "Incoming local TCP Connector on port 58287" [_thread_in_native, id=14708, stack(0x000000001a2d0000,0x000000001a3d0000)]
  0x0000000018725800 JavaThread "pool-1-thread-1" [_thread_blocked, id=52096, stack(0x0000000018cd0000,0x0000000018dd0000)]
  0x000000001655e000 JavaThread "Service Thread" daemon [_thread_blocked, id=104, stack(0x00000000182d0000,0x00000000183d0000)]
  0x0000000016510800 JavaThread "C1 CompilerThread2" daemon [_thread_blocked, id=36196, stack(0x0000000017dd0000,0x0000000017ed0000)]
=>0x0000000016501000 JavaThread "C2 CompilerThread1" daemon [_thread_in_native, id=2828, stack(0x0000000017cd0000,0x0000000017dd0000)]
  0x00000000164fe800 JavaThread "C2 CompilerThread0" daemon [_thread_blocked, id=16668, stack(0x0000000017bd0000,0x0000000017cd0000)]
  0x00000000164fd000 JavaThread "Attach Listener" daemon [_thread_blocked, id=25620, stack(0x0000000017ad0000,0x0000000017bd0000)]
  0x00000000164fb800 JavaThread "Signal Dispatcher" daemon [_thread_blocked, id=51232, stack(0x00000000179d0000,0x0000000017ad0000)]
  0x00000000164ea800 JavaThread "Finalizer" daemon [_thread_blocked, id=19348, stack(0x0000000017750000,0x0000000017850000)]
  0x0000000002b80000 JavaThread "Reference Handler" daemon [_thread_blocked, id=39644, stack(0x0000000017650000,0x0000000017750000)]
  0x000000000298e000 JavaThread "main" [_thread_blocked, id=40788, stack(0x0000000002990000,0x0000000002a90000)]

Other Threads:
  0x00000000164c7000 VMThread [stack: 0x0000000017550000,0x0000000017650000] [id=31160]
  0x0000000017f14800 WatcherThread [stack: 0x00000000183d0000,0x00000000184d0000] [id=42732]

VM state:not at safepoint (normal execution)

VM Mutex/Monitor currently owned by a thread: None

Heap:
 PSYoungGen      total 86016K, used 47233K [0x00000000e0000000, 0x00000000e5d80000, 0x0000000100000000)
  eden space 76288K, 49% used [0x00000000e0000000,0x00000000e24a6e18,0x00000000e4a80000)
  from space 9728K, 99% used [0x00000000e4a80000,0x00000000e53f9600,0x00000000e5400000)
  to   space 8704K, 0% used [0x00000000e5500000,0x00000000e5500000,0x00000000e5d80000)
 ParOldGen       total 62976K, used 20484K [0x00000000a0000000, 0x00000000a3d80000, 0x00000000e0000000)
  object space 62976K, 32% used [0x00000000a0000000,0x00000000a1401110,0x00000000a3d80000)
 Metaspace       used 45980K, capacity 47108K, committed 47360K, reserved 1089536K
  class space    used 6334K, capacity 6588K, committed 6656K, reserved 1048576K

Card table byte_map: [0x0000000011f50000,0x0000000012260000] byte_map_base: 0x0000000011a50000

Marking Bits: (ParMarkBitMap*) 0x000000006dceb6d0
 Begin Bits: [0x0000000012860000, 0x0000000014060000)
 End Bits:   [0x0000000014060000, 0x0000000015860000)

Polling page: 0x00000000010f0000

CodeCache: size=245760Kb used=18691Kb max_used=18691Kb free=227068Kb
 bounds [0x0000000002b90000, 0x0000000003df0000, 0x0000000011b90000]
 total_blobs=5860 nmethods=5154 adapters=617
 compilation: enabled

Compilation events (10 events):
Event: 29.291 Thread 0x0000000016510800 5797       1       org.gradle.api.internal.artifacts.ivyservice.resolveengine.result.DefaultInternalDependencyResult::getFailure (5 bytes)
Event: 29.291 Thread 0x0000000016510800 nmethod 5797 0x0000000003dd6f90 code [0x0000000003dd70e0, 0x0000000003dd71f0]
Event: 29.291 Thread 0x0000000016510800 5798       1       org.gradle.api.internal.artifacts.ivyservice.resolveengine.result.DefaultInternalDependencyResult::getSelected (5 bytes)
Event: 29.291 Thread 0x0000000016510800 nmethod 5798 0x0000000003dd6cd0 code [0x0000000003dd6e20, 0x0000000003dd6f30]
Event: 29.291 Thread 0x0000000016510800 5800       3       java.util.AbstractList::listIterator (15 bytes)
Event: 29.292 Thread 0x0000000016510800 nmethod 5800 0x0000000003dd6350 code [0x0000000003dd6500, 0x0000000003dd6a78]
Event: 29.292 Thread 0x0000000016510800 5799       1       org.gradle.api.internal.artifacts.ivyservice.resolveengine.result.DefaultInternalDependencyResult::getRequested (5 bytes)
Event: 29.292 Thread 0x0000000016510800 nmethod 5799 0x0000000003dd6090 code [0x0000000003dd61e0, 0x0000000003dd62f0]
Event: 29.294 Thread 0x00000000164fe800 nmethod 5765 0x0000000003dd2f90 code [0x0000000003dd30c0, 0x0000000003dd3238]
Event: 29.294 Thread 0x00000000164fe800 5780       4       org.apache.xerces.util.SymbolTable::addSymbol (162 bytes)

GC Heap History (10 events):
Event: 18.224 GC heap before
{Heap before GC invocations=9 (full 1):
 PSYoungGen      total 61440K, used 56696K [0x00000000e0000000, 0x00000000e5e80000, 0x0000000100000000)
  eden space 51200K, 100% used [0x00000000e0000000,0x00000000e3200000,0x00000000e3200000)
  from space 10240K, 53% used [0x00000000e3200000,0x00000000e375e280,0x00000000e3c00000)
  to   space 9728K, 0% used [0x00000000e5500000,0x00000000e5500000,0x00000000e5e80000)
 ParOldGen       total 62976K, used 8683K [0x00000000a0000000, 0x00000000a3d80000, 0x00000000e0000000)
  object space 62976K, 13% used [0x00000000a0000000,0x00000000a087ad00,0x00000000a3d80000)
 Metaspace       used 29333K, capacity 30002K, committed 30208K, reserved 1075200K
  class space    used 4081K, capacity 4244K, committed 4352K, reserved 1048576K
Event: 18.239 GC heap after
Heap after GC invocations=9 (full 1):
 PSYoungGen      total 84992K, used 5533K [0x00000000e0000000, 0x00000000e5d80000, 0x0000000100000000)
  eden space 76288K, 0% used [0x00000000e0000000,0x00000000e0000000,0x00000000e4a80000)
  from space 8704K, 63% used [0x00000000e5500000,0x00000000e5a67588,0x00000000e5d80000)
  to   space 9728K, 0% used [0x00000000e4a80000,0x00000000e4a80000,0x00000000e5400000)
 ParOldGen       total 62976K, used 8691K [0x00000000a0000000, 0x00000000a3d80000, 0x00000000e0000000)
  object space 62976K, 13% used [0x00000000a0000000,0x00000000a087cd00,0x00000000a3d80000)
 Metaspace       used 29333K, capacity 30002K, committed 30208K, reserved 1075200K
  class space    used 4081K, capacity 4244K, committed 4352K, reserved 1048576K
}
Event: 20.126 GC heap before
{Heap before GC invocations=10 (full 1):
 PSYoungGen      total 84992K, used 75392K [0x00000000e0000000, 0x00000000e5d80000, 0x0000000100000000)
  eden space 76288K, 91% used [0x00000000e0000000,0x00000000e4438e60,0x00000000e4a80000)
  from space 8704K, 63% used [0x00000000e5500000,0x00000000e5a67588,0x00000000e5d80000)
  to   space 9728K, 0% used [0x00000000e4a80000,0x00000000e4a80000,0x00000000e5400000)
 ParOldGen       total 62976K, used 8691K [0x00000000a0000000, 0x00000000a3d80000, 0x00000000e0000000)
  object space 62976K, 13% used [0x00000000a0000000,0x00000000a087cd00,0x00000000a3d80000)
 Metaspace       used 34566K, capacity 35232K, committed 35456K, reserved 1079296K
  class space    used 4749K, capacity 4941K, committed 4992K, reserved 1048576K
Event: 20.165 GC heap after
Heap after GC invocations=10 (full 1):
 PSYoungGen      total 86016K, used 9711K [0x00000000e0000000, 0x00000000e5d80000, 0x0000000100000000)
  eden space 76288K, 0% used [0x00000000e0000000,0x00000000e0000000,0x00000000e4a80000)
  from space 9728K, 99% used [0x00000000e4a80000,0x00000000e53fbd70,0x00000000e5400000)
  to   space 8704K, 0% used [0x00000000e5500000,0x00000000e5500000,0x00000000e5d80000)
 ParOldGen       total 62976K, used 9993K [0x00000000a0000000, 0x00000000a3d80000, 0x00000000e0000000)
  object space 62976K, 15% used [0x00000000a0000000,0x00000000a09c2798,0x00000000a3d80000)
 Metaspace       used 34566K, capacity 35232K, committed 35456K, reserved 1079296K
  class space    used 4749K, capacity 4941K, committed 4992K, reserved 1048576K
}
Event: 20.165 GC heap before
{Heap before GC invocations=11 (full 2):
 PSYoungGen      total 86016K, used 9711K [0x00000000e0000000, 0x00000000e5d80000, 0x0000000100000000)
  eden space 76288K, 0% used [0x00000000e0000000,0x00000000e0000000,0x00000000e4a80000)
  from space 9728K, 99% used [0x00000000e4a80000,0x00000000e53fbd70,0x00000000e5400000)
  to   space 8704K, 0% used [0x00000000e5500000,0x00000000e5500000,0x00000000e5d80000)
 ParOldGen       total 62976K, used 9993K [0x00000000a0000000, 0x00000000a3d80000, 0x00000000e0000000)
  object space 62976K, 15% used [0x00000000a0000000,0x00000000a09c2798,0x00000000a3d80000)
 Metaspace       used 34566K, capacity 35232K, committed 35456K, reserved 1079296K
  class space    used 4749K, capacity 4941K, committed 4992K, reserved 1048576K
Event: 20.298 GC heap after
Heap after GC invocations=11 (full 2):
 PSYoungGen      total 86016K, used 0K [0x00000000e0000000, 0x00000000e5d80000, 0x0000000100000000)
  eden space 76288K, 0% used [0x00000000e0000000,0x00000000e0000000,0x00000000e4a80000)
  from space 9728K, 0% used [0x00000000e4a80000,0x00000000e4a80000,0x00000000e5400000)
  to   space 8704K, 0% used [0x00000000e5500000,0x00000000e5500000,0x00000000e5d80000)
 ParOldGen       total 62976K, used 18330K [0x00000000a0000000, 0x00000000a3d80000, 0x00000000e0000000)
  object space 62976K, 29% used [0x00000000a0000000,0x00000000a11e6a30,0x00000000a3d80000)
 Metaspace       used 34566K, capacity 35232K, committed 35456K, reserved 1079296K
  class space    used 4749K, capacity 4941K, committed 4992K, reserved 1048576K
}
Event: 23.199 GC heap before
{Heap before GC invocations=12 (full 2):
 PSYoungGen      total 86016K, used 76288K [0x00000000e0000000, 0x00000000e5d80000, 0x0000000100000000)
  eden space 76288K, 100% used [0x00000000e0000000,0x00000000e4a80000,0x00000000e4a80000)
  from space 9728K, 0% used [0x00000000e4a80000,0x00000000e4a80000,0x00000000e5400000)
  to   space 8704K, 0% used [0x00000000e5500000,0x00000000e5500000,0x00000000e5d80000)
 ParOldGen       total 62976K, used 18330K [0x00000000a0000000, 0x00000000a3d80000, 0x00000000e0000000)
  object space 62976K, 29% used [0x00000000a0000000,0x00000000a11e6a30,0x00000000a3d80000)
 Metaspace       used 41707K, capacity 42536K, committed 42880K, reserved 1085440K
  class space    used 5718K, capacity 5918K, committed 6016K, reserved 1048576K
Event: 23.232 GC heap after
Heap after GC invocations=12 (full 2):
 PSYoungGen      total 84992K, used 7941K [0x00000000e0000000, 0x00000000e5d80000, 0x0000000100000000)
  eden space 76288K, 0% used [0x00000000e0000000,0x00000000e0000000,0x00000000e4a80000)
  from space 8704K, 91% used [0x00000000e5500000,0x00000000e5cc1738,0x00000000e5d80000)
  to   space 9728K, 0% used [0x00000000e4a80000,0x00000000e4a80000,0x00000000e5400000)
 ParOldGen       total 62976K, used 18402K [0x00000000a0000000, 0x00000000a3d80000, 0x00000000e0000000)
  object space 62976K, 29% used [0x00000000a0000000,0x00000000a11f8a40,0x00000000a3d80000)
 Metaspace       used 41707K, capacity 42536K, committed 42880K, reserved 1085440K
  class space    used 5718K, capacity 5918K, committed 6016K, reserved 1048576K
}
Event: 27.885 GC heap before
{Heap before GC invocations=13 (full 2):
 PSYoungGen      total 84992K, used 84229K [0x00000000e0000000, 0x00000000e5d80000, 0x0000000100000000)
  eden space 76288K, 100% used [0x00000000e0000000,0x00000000e4a80000,0x00000000e4a80000)
  from space 8704K, 91% used [0x00000000e5500000,0x00000000e5cc1738,0x00000000e5d80000)
  to   space 9728K, 0% used [0x00000000e4a80000,0x00000000e4a80000,0x00000000e5400000)
 ParOldGen       total 62976K, used 18402K [0x00000000a0000000, 0x00000000a3d80000, 0x00000000e0000000)
  object space 62976K, 29% used [0x00000000a0000000,0x00000000a11f8a40,0x00000000a3d80000)
 Metaspace       used 44482K, capacity 45518K, committed 45824K, reserved 1089536K
  class space    used 6092K, capacity 6317K, committed 6400K, reserved 1048576K
Event: 27.919 GC heap after
Heap after GC invocations=13 (full 2):
 PSYoungGen      total 86016K, used 9701K [0x00000000e0000000, 0x00000000e5d80000, 0x0000000100000000)
  eden space 76288K, 0% used [0x00000000e0000000,0x00000000e0000000,0x00000000e4a80000)
  from space 9728K, 99% used [0x00000000e4a80000,0x00000000e53f9600,0x00000000e5400000)
  to   space 8704K, 0% used [0x00000000e5500000,0x00000000e5500000,0x00000000e5d80000)
 ParOldGen       total 62976K, used 20484K [0x00000000a0000000, 0x00000000a3d80000, 0x00000000e0000000)
  object space 62976K, 32% used [0x00000000a0000000,0x00000000a1401110,0x00000000a3d80000)
 Metaspace       used 44482K, capacity 45518K, committed 45824K, reserved 1089536K
  class space    used 6092K, capacity 6317K, committed 6400K, reserved 1048576K
}

Deoptimization events (10 events):
Event: 28.637 Thread 0x000000001857d000 Uncommon trap: reason=bimorphic action=maybe_recompile pc=0x0000000003d350c8 method=org.apache.xerces.impl.XMLEntityManager$RewindableInputStream.read()I @ 91
Event: 28.637 Thread 0x000000001857d000 Uncommon trap: reason=bimorphic action=maybe_recompile pc=0x0000000003d350c8 method=org.apache.xerces.impl.XMLEntityManager$RewindableInputStream.read()I @ 91
Event: 28.639 Thread 0x000000001857d000 Uncommon trap: reason=class_check action=maybe_recompile pc=0x000000000358f474 method=org.apache.xerces.impl.XMLDocumentFragmentScannerImpl.scanContent()I @ 82
Event: 28.640 Thread 0x000000001857d000 Uncommon trap: reason=class_check action=maybe_recompile pc=0x000000000358f474 method=org.apache.xerces.impl.XMLDocumentFragmentScannerImpl.scanContent()I @ 82
Event: 28.640 Thread 0x000000001857d000 Uncommon trap: reason=class_check action=maybe_recompile pc=0x000000000358f474 method=org.apache.xerces.impl.XMLDocumentFragmentScannerImpl.scanContent()I @ 82
Event: 28.640 Thread 0x000000001857d000 Uncommon trap: reason=class_check action=maybe_recompile pc=0x000000000358f474 method=org.apache.xerces.impl.XMLDocumentFragmentScannerImpl.scanContent()I @ 82
Event: 28.770 Thread 0x000000001857d000 Uncommon trap: reason=unstable_if action=reinterpret pc=0x0000000003470330 method=org.objectweb.asm.Type.getType(Ljava/lang/Class;)Lorg/objectweb/asm/Type; @ 33
Event: 28.770 Thread 0x000000001857d000 Uncommon trap: reason=unstable_if action=reinterpret pc=0x00000000037d4f9c method=org.objectweb.asm.Type.getArgumentsAndReturnSizes(Ljava/lang/String;)I @ 47
Event: 28.841 Thread 0x000000001857d000 Uncommon trap: reason=unstable_if action=reinterpret pc=0x0000000003608714 method=java.util.TreeMap.put(Ljava/lang/Object;Ljava/lang/Object;)Ljava/lang/Object; @ 163
Event: 28.851 Thread 0x000000001857d000 Uncommon trap: reason=unstable_if action=reinterpret pc=0x00000000034d1474 method=org.gradle.api.internal.project.taskfactory.AnnotationProcessingTaskFactory$Validator.attachValidationAction(Lorg/gradle/api/internal/project/taskfactory/PropertyAnnotationH

Internal exceptions (10 events):
Event: 28.378 Thread 0x000000001857d000 Exception <a 'java/lang/ClassNotFoundException': com/android/build/gradle/internal/tasks/InstallVariantTask_DecoratedBeanInfo> (0x00000000e0f6ead0) thrown at [C:\re\workspace\8-2-build-windows-amd64-cygwin\jdk8u121\8372\hotspot\src\share\vm\classfile\syst
Event: 28.378 Thread 0x000000001857d000 Exception <a 'java/lang/ClassNotFoundException': com/android/build/gradle/internal/tasks/InstallVariantTaskBeanInfo> (0x00000000e0f81070) thrown at [C:\re\workspace\8-2-build-windows-amd64-cygwin\jdk8u121\8372\hotspot\src\share\vm\classfile\systemDictiona
Event: 28.379 Thread 0x000000001857d000 Exception <a 'java/lang/ClassNotFoundException': com/android/build/gradle/internal/tasks/InstallVariantTaskCustomizer> (0x00000000e0f93e68) thrown at [C:\re\workspace\8-2-build-windows-amd64-cygwin\jdk8u121\8372\hotspot\src\share\vm\classfile\systemDictio
Event: 28.418 Thread 0x000000001857d000 Exception <a 'java/lang/ClassNotFoundException': com/android/build/gradle/internal/tasks/InstallVariantTask_DecoratedCustomizer> (0x00000000e0fd5b58) thrown at [C:\re\workspace\8-2-build-windows-amd64-cygwin\jdk8u121\8372\hotspot\src\share\vm\classfile\sy
Event: 28.458 Thread 0x000000001857d000 Exception <a 'java/lang/ClassNotFoundException': com/android/build/gradle/internal/tasks/UninstallTask_DecoratedBeanInfo> (0x00000000e10f0148) thrown at [C:\re\workspace\8-2-build-windows-amd64-cygwin\jdk8u121\8372\hotspot\src\share\vm\classfile\systemDic
Event: 28.459 Thread 0x000000001857d000 Exception <a 'java/lang/ClassNotFoundException': com/android/build/gradle/internal/tasks/UninstallTaskBeanInfo> (0x00000000e1101f00) thrown at [C:\re\workspace\8-2-build-windows-amd64-cygwin\jdk8u121\8372\hotspot\src\share\vm\classfile\systemDictionary.cp
Event: 28.460 Thread 0x000000001857d000 Exception <a 'java/lang/ClassNotFoundException': com/android/build/gradle/internal/tasks/UninstallTaskCustomizer> (0x00000000e1113e38) thrown at [C:\re\workspace\8-2-build-windows-amd64-cygwin\jdk8u121\8372\hotspot\src\share\vm\classfile\systemDictionary.
Event: 28.461 Thread 0x000000001857d000 Exception <a 'java/lang/ClassNotFoundException': com/android/build/gradle/internal/tasks/UninstallTask_DecoratedCustomizer> (0x00000000e113dcd8) thrown at [C:\re\workspace\8-2-build-windows-amd64-cygwin\jdk8u121\8372\hotspot\src\share\vm\classfile\systemD
Event: 28.921 Thread 0x000000001857d000 Exception <a 'java/lang/ClassNotFoundException': com/android/build/gradle/internal/TaskManager$2BeanInfo> (0x00000000e1dc2c70) thrown at [C:\re\workspace\8-2-build-windows-amd64-cygwin\jdk8u121\8372\hotspot\src\share\vm\classfile\systemDictionary.cpp, lin
Event: 28.921 Thread 0x000000001857d000 Exception <a 'java/lang/ClassNotFoundException': com/android/build/gradle/internal/TaskManager$2Customizer> (0x00000000e1dd3908) thrown at [C:\re\workspace\8-2-build-windows-amd64-cygwin\jdk8u121\8372\hotspot\src\share\vm\classfile\systemDictionary.cpp, l

Events (10 events):
Event: 29.042 loading class org/gradle/api/internal/artifacts/ivyservice/resolveengine/excludes/MultipleExcludeRulesFilter
Event: 29.042 loading class org/gradle/api/internal/artifacts/ivyservice/resolveengine/excludes/MultipleExcludeRulesFilter done
Event: 29.043 loading class org/gradle/api/internal/artifacts/ivyservice/resolveengine/excludes/AbstractCompositeExcludeRuleFilter
Event: 29.043 loading class org/gradle/api/internal/artifacts/ivyservice/resolveengine/excludes/AbstractCompositeExcludeRuleFilter done
Event: 29.043 Executing VM operation: Deoptimize
Event: 29.044 Executing VM operation: Deoptimize done
Event: 29.045 loading class org/gradle/api/internal/artifacts/ivyservice/resolveengine/excludes/ModuleExcludeRuleFilters$1
Event: 29.045 loading class org/gradle/api/internal/artifacts/ivyservice/resolveengine/excludes/ModuleExcludeRuleFilters$1 done
Event: 29.184 Thread 0x000000001857d000 DEOPT PACKING pc=0x0000000003558296 sp=0x000000001abba5a0
Event: 29.184 Thread 0x000000001857d000 DEOPT UNPACKING pc=0x0000000002bd787f sp=0x000000001abba4e8 mode 0


Dynamic libraries:
0x00007ff78cda0000 - 0x00007ff78cdd7000 	C:\Program Files\Java\jdk1.8.0_121\bin\java.exe
0x00007ffcc0470000 - 0x00007ffcc061c000 	C:\Windows\SYSTEM32\ntdll.dll
0x00007ffcbe790000 - 0x00007ffcbe8ce000 	C:\Windows\system32\KERNEL32.DLL
0x00007ffcbd970000 - 0x00007ffcbda85000 	C:\Windows\system32\KERNELBASE.dll
0x00007ffcbc160000 - 0x00007ffcbc1ee000 	C:\Windows\system32\apphelp.dll
0x00007ffc95f70000 - 0x00007ffc95fc3000 	C:\Windows\AppPatch\AppPatch64\AcGenral.DLL
0x00007ffcbe3f0000 - 0x00007ffcbe49a000 	C:\Windows\system32\msvcrt.dll
0x00007ffcbd380000 - 0x00007ffcbd3ae000 	C:\Windows\SYSTEM32\SspiCli.dll
0x00007ffcbded0000 - 0x00007ffcbdf24000 	C:\Windows\system32\SHLWAPI.dll
0x00007ffcbe8d0000 - 0x00007ffcbea47000 	C:\Windows\system32\USER32.dll
0x00007ffcbdaf0000 - 0x00007ffcbdc84000 	C:\Windows\system32\ole32.dll
0x00007ffcbea50000 - 0x00007ffcbff68000 	C:\Windows\system32\SHELL32.dll
0x00007ffcbcb60000 - 0x00007ffcbcb81000 	C:\Windows\SYSTEM32\USERENV.dll
0x00007ffcbdf30000 - 0x00007ffcbdfda000 	C:\Windows\system32\ADVAPI32.dll
0x00007ffcb1390000 - 0x00007ffcb13ae000 	C:\Windows\SYSTEM32\MPR.dll
0x00007ffcbffd0000 - 0x00007ffcc0111000 	C:\Windows\system32\RPCRT4.dll
0x00007ffcbdc90000 - 0x00007ffcbdce9000 	C:\Windows\SYSTEM32\sechost.dll
0x00007ffcbe560000 - 0x00007ffcbe771000 	C:\Windows\SYSTEM32\combase.dll
0x00007ffcbe060000 - 0x00007ffcbe1b1000 	C:\Windows\system32\GDI32.dll
0x00007ffcbd5c0000 - 0x00007ffcbd5d5000 	C:\Windows\SYSTEM32\profapi.dll
0x00007ffcbbb90000 - 0x00007ffcbbc42000 	C:\Windows\SYSTEM32\SHCORE.dll
0x00007ffcc0120000 - 0x00007ffcc0156000 	C:\Windows\system32\IMM32.DLL
0x00007ffcbe290000 - 0x00007ffcbe3e3000 	C:\Windows\system32\MSCTF.dll
0x00007ffcbadd0000 - 0x00007ffcbb04b000 	C:\Windows\WinSxS\amd64_microsoft.windows.common-controls_6595b64144ccf1df_6.0.9600.17415_none_6240486fecbd8abb\COMCTL32.dll
0x0000000070150000 - 0x0000000070222000 	C:\Program Files\Java\jdk1.8.0_121\jre\bin\msvcr100.dll
0x000000006d4d0000 - 0x000000006dd6b000 	C:\Program Files\Java\jdk1.8.0_121\jre\bin\server\jvm.dll
0x00007ffcb13c0000 - 0x00007ffcb13c9000 	C:\Windows\SYSTEM32\WSOCK32.dll
0x00007ffcb8410000 - 0x00007ffcb8432000 	C:\Windows\SYSTEM32\WINMM.dll
0x00007ffcb7c50000 - 0x00007ffcb7c5a000 	C:\Windows\SYSTEM32\VERSION.dll
0x00007ffcbe1c0000 - 0x00007ffcbe1c7000 	C:\Windows\system32\PSAPI.DLL
0x00007ffcc0230000 - 0x00007ffcc028a000 	C:\Windows\system32\WS2_32.dll
0x00007ffcb83e0000 - 0x00007ffcb840a000 	C:\Windows\SYSTEM32\WINMMBASE.dll
0x00007ffcbe050000 - 0x00007ffcbe059000 	C:\Windows\system32\NSI.dll
0x00007ffcbd740000 - 0x00007ffcbd78f000 	C:\Windows\SYSTEM32\cfgmgr32.dll
0x00007ffcbc3b0000 - 0x00007ffcbc3d8000 	C:\Windows\SYSTEM32\DEVOBJ.dll
0x00000000713d0000 - 0x00000000713df000 	C:\Program Files\Java\jdk1.8.0_121\jre\bin\verify.dll
0x00000000713a0000 - 0x00000000713c9000 	C:\Program Files\Java\jdk1.8.0_121\jre\bin\java.dll
0x0000000071380000 - 0x0000000071396000 	C:\Program Files\Java\jdk1.8.0_121\jre\bin\zip.dll
0x0000000071360000 - 0x000000007137a000 	C:\Program Files\Java\jdk1.8.0_121\jre\bin\net.dll
0x00007ffcbcdd0000 - 0x00007ffcbce29000 	C:\Windows\system32\mswsock.dll
0x0000000070130000 - 0x0000000070141000 	C:\Program Files\Java\jdk1.8.0_121\jre\bin\nio.dll
0x00007ffc97be0000 - 0x00007ffc97bf2000 	C:\Users\Sandesh\.gradle\native\19\windows-amd64\native-platform.dll
0x00007ffcbce30000 - 0x00007ffcbce50000 	C:\Windows\SYSTEM32\CRYPTSP.dll
0x00007ffcbca50000 - 0x00007ffcbca86000 	C:\Windows\system32\rsaenh.dll
0x00007ffcbd0d0000 - 0x00007ffcbd0f6000 	C:\Windows\SYSTEM32\bcrypt.dll
0x00007ffcbd3c0000 - 0x00007ffcbd423000 	C:\Windows\system32\bcryptprimitives.dll
0x00007ffcbd430000 - 0x00007ffcbd43b000 	C:\Windows\SYSTEM32\CRYPTBASE.dll
0x00007ffcb82a0000 - 0x00007ffcb82ca000 	C:\Windows\SYSTEM32\IPHLPAPI.DLL
0x00007ffcb8270000 - 0x00007ffcb827a000 	C:\Windows\SYSTEM32\WINNSI.DLL
0x00007ffcb6740000 - 0x00007ffcb6756000 	C:\Windows\SYSTEM32\dhcpcsvc6.DLL
0x00007ffcb6840000 - 0x00007ffcb685a000 	C:\Windows\SYSTEM32\dhcpcsvc.DLL
0x0000000071350000 - 0x000000007135d000 	C:\Program Files\Java\jdk1.8.0_121\jre\bin\management.dll

VM Arguments:
jvm_args: -Xmx1536m -Dfile.encoding=windows-1252 -Duser.country=US -Duser.language=en -Duser.variant 
java_command: org.gradle.launcher.daemon.bootstrap.GradleDaemon 2.14.1
java_class_path (initial): C:\Program Files\Android\Android Studio\gradle\gradle-2.14.1\lib\gradle-launcher-2.14.1.jar
Launcher Type: SUN_STANDARD

Environment Variables:
JAVA_HOME=C:\Program Files\Java\jdk1.8.0_121
PATH=C:\ProgramData\Oracle\Java\javapath;C:\Program Files (x86)\OpenSSH\bin;C:\Program Files (x86)\Skype\Phone\;C:\Program Files (x86)\Brackets\command;C:\Program Files\Microsoft SQL Server\120\Tools\Binn\;C:\Program Files\nodejs\;C:\Program Files\MongoDB\;C:\Program Files\MongoDB\Server\3.2\;C:\Program Files (x86)\Heroku\bin;C:\Program Files (x86)\nodejs\;C:\Program Files (x86)\Notepad++;C:\MinGW\bin;C:\Program Files\Java\jdk1.8.0_60\bin;C:\Users\Sandesh\AppData\Local\Android\sdk\platform-tools;C:\Users\Sandesh\AppData\Local\Android\sdk\tools;C:\Users\Sandesh\Anaconda2;C:\Users\Sandesh\Anaconda2\Scripts;C:\Users\Sandesh\Anaconda2\Library\bin;C:\Ruby23-x64\bin;C:\ProgramData\Oracle\Java\javapath;C:\Program Files (x86)\Intel\iCLS Client\;C:\Program Files\Intel\iCLS Client\;C:\Windows\system32;C:\Windows;C:\Windows\System32\Wbem;C:\Windows\System32\WindowsPowerShell\v1.0\;C:\Program Files\Intel\Intel(R) Management Engine Components\DAL;C:\Program Files (x86)\Intel\Intel(R) Management Engine Components\DAL;C:\Program Files\Intel\Intel(R) Management Engine Components\IPT;C:\Program Files (x86)\Intel\Intel(R) Management Engine Components\IPT;C:\Program Files\Intel\WiFi\bin\;C:\Program Files\Common Files\Intel\WirelessCommon\;C:\Program Files (x86)\Skype\Phone\;;C:\softwares\maven\apache-maven-3.3.3\bin;C:\Users\Sandesh\AppData\Local\Enthought\Canopy\User;C:\Users\Sandesh\AppData\Local\Enthought\Canopy\User\Scripts;C:\Program Files (x86)\SSH Communications Security\SSH Secure Shell;C:\Users\Sandesh\AppData\Roaming\npm;C:\Program Files\;C:\Program Files (x86)\Java\jre7\bin;C:\Program Files\MySQL\MySQL Server 5.6\bin;C:\Program Files\Java\jdk1.7.0_79\bin;C:\Program Files (x86)\Microsoft VS Code\bin
USERNAME=Sandesh
OS=Windows_NT
PROCESSOR_IDENTIFIER=Intel64 Family 6 Model 61 Stepping 4, GenuineIntel



---------------  S Y S T E M  ---------------

OS: Windows 8.1 , 64 bit Build 9600 (6.3.9600.17415)

CPU:total 4 (2 cores per cpu, 2 threads per core) family 6 model 61 stepping 4, cmov, cx8, fxsr, mmx, sse, sse2, sse3, ssse3, sse4.1, sse4.2, popcnt, avx, avx2, aes, clmul, erms, 3dnowpref, lzcnt, ht, tsc, tscinvbit, bmi1, bmi2, adx

Memory: 4k page, physical 8301904k(891032k free), swap 11447632k(5444k free)

vm_info: Java HotSpot(TM) 64-Bit Server VM (25.121-b13) for windows-amd64 JRE (1.8.0_121-b13), built on Dec 12 2016 18:21:36 by "java_re" with MS VC++ 10.0 (VS2010)

time: Sun Jan 22 01:00:42 2017
elapsed time: 29 seconds (0d 0h 0m 29s)

