#
# There is insufficient memory for the Java Runtime Environment to continue.
# Native memory allocation (malloc) failed to allocate 325824 bytes for Chunk::new
# Possible reasons:
#   The system is out of physical RAM or swap space
#   In 32 bit mode, the process size limit was hit
# Possible solutions:
#   Reduce memory load on the system
#   Increase physical memory or swap space
#   Check if swap backing store is full
#   Use 64 bit Java on a 64 bit OS
#   Decrease Java heap size (-Xmx/-Xms)
#   Decrease number of Java threads
#   Decrease Java thread stack sizes (-Xss)
#   Set larger code cache with -XX:ReservedCodeCacheSize=
# This output file may be truncated or incomplete.
#
#  Out of Memory Error (allocation.cpp:390), pid=27192, tid=0x0000000000003118
#
# JRE version: Java(TM) SE Runtime Environment (8.0_121-b13) (build 1.8.0_121-b13)
# Java VM: Java HotSpot(TM) 64-Bit Server VM (25.121-b13 mixed mode windows-amd64 compressed oops)
# Failed to write core dump. Minidumps are not enabled by default on client versions of Windows
#

---------------  T H R E A D  ---------------

Current thread (0x0000000016098000):  JavaThread "C2 CompilerThread1" daemon [_thread_in_native, id=12568, stack(0x0000000017830000,0x0000000017930000)]

Stack: [0x0000000017830000,0x0000000017930000]
[error occurred during error reporting (printing stack bounds), id 0xc0000005]

Native frames: (J=compiled Java code, j=interpreted, Vv=VM code, C=native code)


Current CompileTask:
C2: 158301 9482   !   4       java.security.SecureClassLoader::getProtectionDomain (114 bytes)


---------------  P R O C E S S  ---------------

Java Threads: ( => current thread )
  0x000000001dc10800 JavaThread "pool-9-thread-4" [_thread_new, id=19828, stack(0x0000000000000000,0x0000000000000000)]
  0x0000000018f26000 JavaThread "pool-9-thread-3" [_thread_new, id=20572, stack(0x0000000000000000,0x0000000000000000)]
  0x0000000018f29000 JavaThread "pool-9-thread-2" [_thread_new, id=48808, stack(0x0000000000000000,0x0000000000000000)]
  0x000000001cc4c800 JavaThread "pool-13-thread-1" [_thread_new, id=17996, stack(0x0000000000000000,0x0000000000000000)]
  0x000000001cc4c000 JavaThread "pool-14-thread-1" [_thread_new, id=33148, stack(0x0000000000000000,0x0000000000000000)]
  0x000000001cc4b000 JavaThread "pool-15-thread-1" [_thread_new, id=50948, stack(0x0000000000000000,0x0000000000000000)]
  0x000000001cc47800 JavaThread "pool-10-thread-1" [_thread_new, id=20404, stack(0x0000000000000000,0x0000000000000000)]
  0x000000001cc4a800 JavaThread "pool-9-thread-1" [_thread_new, id=22420, stack(0x0000000000000000,0x0000000000000000)]
  0x000000001cc48000 JavaThread "pool-12-thread-1" [_thread_new, id=3456, stack(0x0000000000000000,0x0000000000000000)]
  0x000000001cc49000 JavaThread "pool-8-thread-4" [_thread_blocked, id=16408, stack(0x0000000022bd0000,0x0000000022cd0000)]
  0x000000001cc46800 JavaThread "pool-8-thread-2" [_thread_blocked, id=38008, stack(0x0000000022ad0000,0x0000000022bd0000)]
  0x000000001cc49800 JavaThread "pool-8-thread-3" [_thread_in_vm, id=45996, stack(0x00000000229d0000,0x0000000022ad0000)]
  0x000000001cc43000 JavaThread "pool-8-thread-1" [_thread_blocked, id=50832, stack(0x00000000228d0000,0x00000000229d0000)]
  0x000000001cc45000 JavaThread "pool-7-thread-4" [_thread_blocked, id=7464, stack(0x00000000226d0000,0x00000000227d0000)]
  0x000000001cc44800 JavaThread "pool-7-thread-3" [_thread_blocked, id=27364, stack(0x00000000225d0000,0x00000000226d0000)]
  0x000000001cc46000 JavaThread "pool-7-thread-2" [_thread_blocked, id=24420, stack(0x0000000021ad0000,0x0000000021bd0000)]
  0x000000001cc42000 JavaThread "pool-7-thread-1" [_thread_blocked, id=9676, stack(0x000000001e8a0000,0x000000001e9a0000)]
  0x000000001cc3e800 JavaThread "Stdin handler" [_thread_blocked, id=43184, stack(0x000000001aa70000,0x000000001ab70000)]
  0x000000001cc40800 JavaThread "Asynchronous log dispatcher for org.gradle.launcher.daemon.server.DefaultDaemonConnection@2dc64a0" [_thread_blocked, id=28524, stack(0x000000001a970000,0x000000001aa70000)]
  0x000000001cc3d800 JavaThread "Cancel handler" [_thread_blocked, id=38484, stack(0x000000001a570000,0x000000001a670000)]
  0x000000001cc40000 JavaThread "Handler for socket connection from /127.0.0.1:58744 to /127.0.0.1:58781" [_thread_in_native, id=44692, stack(0x000000001a470000,0x000000001a570000)]
  0x0000000018f28000 JavaThread "File lock request listener" [_thread_in_native, id=28824, stack(0x000000001bf40000,0x000000001c040000)]
  0x00000000184e0000 JavaThread "Daemon worker" [_thread_blocked, id=10076, stack(0x000000001a670000,0x000000001a770000)]
  0x000000001903f800 JavaThread "Daemon" [_thread_blocked, id=21896, stack(0x000000001a370000,0x000000001a470000)]
  0x0000000018fce000 JavaThread "Incoming local TCP Connector on port 58744" [_thread_in_native, id=37656, stack(0x0000000019e80000,0x0000000019f80000)]
  0x0000000018f8f000 JavaThread "pool-1-thread-1" [_thread_blocked, id=25132, stack(0x0000000018830000,0x0000000018930000)]
  0x0000000017937000 JavaThread "Service Thread" daemon [_thread_blocked, id=47092, stack(0x0000000017e30000,0x0000000017f30000)]
  0x000000001609e800 JavaThread "C1 CompilerThread2" daemon [_thread_in_native, id=21088, stack(0x0000000017d30000,0x0000000017e30000)]
=>0x0000000016098000 JavaThread "C2 CompilerThread1" daemon [_thread_in_native, id=12568, stack(0x0000000017830000,0x0000000017930000)]
  0x000000001603f800 JavaThread "C2 CompilerThread0" daemon [_thread_in_native, id=39996, stack(0x0000000017730000,0x0000000017830000)]
  0x000000001603e800 JavaThread "Attach Listener" daemon [_thread_blocked, id=32940, stack(0x0000000017630000,0x0000000017730000)]
  0x000000001603d800 JavaThread "Signal Dispatcher" daemon [_thread_blocked, id=37792, stack(0x0000000017530000,0x0000000017630000)]
  0x000000001602a800 JavaThread "Finalizer" daemon [_thread_blocked, id=40204, stack(0x00000000172b0000,0x00000000173b0000)]
  0x00000000026c0000 JavaThread "Reference Handler" daemon [_thread_blocked, id=38200, stack(0x00000000171b0000,0x00000000172b0000)]
  0x000000000246e000 JavaThread "main" [_thread_blocked, id=17736, stack(0x00000000024d0000,0x00000000025d0000)]

Other Threads:
  0x0000000016007000 VMThread [stack: 0x00000000170b0000,0x00000000171b0000] [id=41352]
  0x000000001793b000 WatcherThread [stack: 0x0000000017f30000,0x0000000018030000] [id=36980]

VM state:not at safepoint (normal execution)

VM Mutex/Monitor currently owned by a thread: None

Heap:
 PSYoungGen      total 167424K, used 67693K [0x00000000e0000000, 0x00000000ec580000, 0x0000000100000000)
  eden space 146944K, 39% used [0x00000000e0000000,0x00000000e392d378,0x00000000e8f80000)
  from space 20480K, 44% used [0x00000000e8f80000,0x00000000e986e440,0x00000000ea380000)
  to   space 19968K, 0% used [0x00000000eb200000,0x00000000eb200000,0x00000000ec580000)
 ParOldGen       total 108032K, used 40765K [0x00000000a0000000, 0x00000000a6980000, 0x00000000e0000000)
  object space 108032K, 37% used [0x00000000a0000000,0x00000000a27cf728,0x00000000a6980000)
 Metaspace       used 57713K, capacity 59924K, committed 60200K, reserved 1101824K
  class space    used 7919K, capacity 8395K, committed 8488K, reserved 1048576K

Card table byte_map: [0x0000000011a90000,0x0000000011da0000] byte_map_base: 0x0000000011590000

Marking Bits: (ParMarkBitMap*) 0x000000006dceb6d0
 Begin Bits: [0x00000000123a0000, 0x0000000013ba0000)
 End Bits:   [0x0000000013ba0000, 0x00000000153a0000)

Polling page: 0x0000000000bb0000

CodeCache: size=245760Kb used=28279Kb max_used=29244Kb free=217480Kb
 bounds [0x00000000026d0000, 0x0000000004390000, 0x00000000116d0000]
 total_blobs=8767 nmethods=8048 adapters=630
 compilation: enabled

Compilation events (10 events):
Event: 158.257 Thread 0x000000001609e800 nmethod 9506 0x0000000002e59f50 code [0x0000000002e5a0e0, 0x0000000002e5a478]
Event: 158.257 Thread 0x000000001609e800 9508       1       com.android.dx.cf.direct.MemberListParser::getDefiner (5 bytes)
Event: 158.257 Thread 0x000000001609e800 nmethod 9508 0x0000000002e59c90 code [0x0000000002e59de0, 0x0000000002e59ef0]
Event: 158.257 Thread 0x000000001609e800 9511       1       com.android.dx.rop.cst.CstNat::getDescriptor (5 bytes)
Event: 158.258 Thread 0x000000001609e800 nmethod 9511 0x0000000004040910 code [0x0000000004040a60, 0x0000000004040b70]
Event: 158.258 Thread 0x000000001609e800 9513       3       com.android.dx.util.ByteArray::getInt (47 bytes)
Event: 158.259 Thread 0x000000001609e800 nmethod 9513 0x00000000040ce2d0 code [0x00000000040ce460, 0x00000000040ce848]
Event: 158.259 Thread 0x000000001609e800 9514       3       java.io.DataInputStream::<init> (30 bytes)
Event: 158.260 Thread 0x000000001609e800 nmethod 9514 0x00000000038c4450 code [0x00000000038c45c0, 0x00000000038c4a10]
Event: 158.260 Thread 0x000000001609e800 9515   !   3       com.android.dx.cf.direct.AttributeFactory::parse (248 bytes)

GC Heap History (10 events):
Event: 36.489 GC heap before
{Heap before GC invocations=12 (full 2):
 PSYoungGen      total 137728K, used 137084K [0x00000000e0000000, 0x00000000ea780000, 0x0000000100000000)
  eden space 126464K, 100% used [0x00000000e0000000,0x00000000e7b80000,0x00000000e7b80000)
  from space 11264K, 94% used [0x00000000e7b80000,0x00000000e85df3f0,0x00000000e8680000)
  to   space 12288K, 0% used [0x00000000e9b80000,0x00000000e9b80000,0x00000000ea780000)
 ParOldGen       total 108032K, used 15590K [0x00000000a0000000, 0x00000000a6980000, 0x00000000e0000000)
  object space 108032K, 14% used [0x00000000a0000000,0x00000000a0f399c8,0x00000000a6980000)
 Metaspace       used 49455K, capacity 50776K, committed 50984K, reserved 1093632K
  class space    used 6814K, capacity 7090K, committed 7208K, reserved 1048576K
Event: 36.574 GC heap after
Heap after GC invocations=12 (full 2):
 PSYoungGen      total 155136K, used 12288K [0x00000000e0000000, 0x00000000eaf00000, 0x0000000100000000)
  eden space 142848K, 0% used [0x00000000e0000000,0x00000000e0000000,0x00000000e8b80000)
  from space 12288K, 100% used [0x00000000e9b80000,0x00000000ea780000,0x00000000ea780000)
  to   space 16384K, 0% used [0x00000000e8b80000,0x00000000e8b80000,0x00000000e9b80000)
 ParOldGen       total 108032K, used 23315K [0x00000000a0000000, 0x00000000a6980000, 0x00000000e0000000)
  object space 108032K, 21% used [0x00000000a0000000,0x00000000a16c4f70,0x00000000a6980000)
 Metaspace       used 49455K, capacity 50776K, committed 50984K, reserved 1093632K
  class space    used 6814K, capacity 7090K, committed 7208K, reserved 1048576K
}
Event: 40.524 GC heap before
{Heap before GC invocations=13 (full 2):
 PSYoungGen      total 155136K, used 95410K [0x00000000e0000000, 0x00000000eaf00000, 0x0000000100000000)
  eden space 142848K, 58% used [0x00000000e0000000,0x00000000e512c8f8,0x00000000e8b80000)
  from space 12288K, 100% used [0x00000000e9b80000,0x00000000ea780000,0x00000000ea780000)
  to   space 16384K, 0% used [0x00000000e8b80000,0x00000000e8b80000,0x00000000e9b80000)
 ParOldGen       total 108032K, used 23315K [0x00000000a0000000, 0x00000000a6980000, 0x00000000e0000000)
  object space 108032K, 21% used [0x00000000a0000000,0x00000000a16c4f70,0x00000000a6980000)
 Metaspace       used 51980K, capacity 53868K, committed 54056K, reserved 1095680K
  class space    used 7262K, capacity 7671K, committed 7720K, reserved 1048576K
Event: 40.690 GC heap after
Heap after GC invocations=13 (full 2):
 PSYoungGen      total 159232K, used 16357K [0x00000000e0000000, 0x00000000eb800000, 0x0000000100000000)
  eden space 142848K, 0% used [0x00000000e0000000,0x00000000e0000000,0x00000000e8b80000)
  from space 16384K, 99% used [0x00000000e8b80000,0x00000000e9b794c8,0x00000000e9b80000)
  to   space 20992K, 0% used [0x00000000ea380000,0x00000000ea380000,0x00000000eb800000)
 ParOldGen       total 108032K, used 30630K [0x00000000a0000000, 0x00000000a6980000, 0x00000000e0000000)
  object space 108032K, 28% used [0x00000000a0000000,0x00000000a1de9900,0x00000000a6980000)
 Metaspace       used 51980K, capacity 53868K, committed 54056K, reserved 1095680K
  class space    used 7262K, capacity 7671K, committed 7720K, reserved 1048576K
}
Event: 40.691 GC heap before
{Heap before GC invocations=14 (full 3):
 PSYoungGen      total 159232K, used 16357K [0x00000000e0000000, 0x00000000eb800000, 0x0000000100000000)
  eden space 142848K, 0% used [0x00000000e0000000,0x00000000e0000000,0x00000000e8b80000)
  from space 16384K, 99% used [0x00000000e8b80000,0x00000000e9b794c8,0x00000000e9b80000)
  to   space 20992K, 0% used [0x00000000ea380000,0x00000000ea380000,0x00000000eb800000)
 ParOldGen       total 108032K, used 30630K [0x00000000a0000000, 0x00000000a6980000, 0x00000000e0000000)
  object space 108032K, 28% used [0x00000000a0000000,0x00000000a1de9900,0x00000000a6980000)
 Metaspace       used 51980K, capacity 53868K, committed 54056K, reserved 1095680K
  class space    used 7262K, capacity 7671K, committed 7720K, reserved 1048576K
Event: 41.606 GC heap after
Heap after GC invocations=14 (full 3):
 PSYoungGen      total 159232K, used 0K [0x00000000e0000000, 0x00000000eb800000, 0x0000000100000000)
  eden space 142848K, 0% used [0x00000000e0000000,0x00000000e0000000,0x00000000e8b80000)
  from space 16384K, 0% used [0x00000000e8b80000,0x00000000e8b80000,0x00000000e9b80000)
  to   space 20992K, 0% used [0x00000000ea380000,0x00000000ea380000,0x00000000eb800000)
 ParOldGen       total 108032K, used 40749K [0x00000000a0000000, 0x00000000a6980000, 0x00000000e0000000)
  object space 108032K, 37% used [0x00000000a0000000,0x00000000a27cb728,0x00000000a6980000)
 Metaspace       used 51980K, capacity 53868K, committed 54056K, reserved 1095680K
  class space    used 7262K, capacity 7671K, committed 7720K, reserved 1048576K
}
Event: 85.712 GC heap before
{Heap before GC invocations=15 (full 3):
 PSYoungGen      total 159232K, used 142848K [0x00000000e0000000, 0x00000000eb800000, 0x0000000100000000)
  eden space 142848K, 100% used [0x00000000e0000000,0x00000000e8b80000,0x00000000e8b80000)
  from space 16384K, 0% used [0x00000000e8b80000,0x00000000e8b80000,0x00000000e9b80000)
  to   space 20992K, 0% used [0x00000000ea380000,0x00000000ea380000,0x00000000eb800000)
 ParOldGen       total 108032K, used 40749K [0x00000000a0000000, 0x00000000a6980000, 0x00000000e0000000)
  object space 108032K, 37% used [0x00000000a0000000,0x00000000a27cb728,0x00000000a6980000)
 Metaspace       used 54736K, capacity 56788K, committed 57000K, reserved 1097728K
  class space    used 7566K, capacity 8005K, committed 8104K, reserved 1048576K
Event: 85.756 GC heap after
Heap after GC invocations=15 (full 3):
 PSYoungGen      total 167936K, used 7668K [0x00000000e0000000, 0x00000000ec580000, 0x0000000100000000)
  eden space 146944K, 0% used [0x00000000e0000000,0x00000000e0000000,0x00000000e8f80000)
  from space 20992K, 36% used [0x00000000ea380000,0x00000000eaafd1f0,0x00000000eb800000)
  to   space 20480K, 0% used [0x00000000e8f80000,0x00000000e8f80000,0x00000000ea380000)
 ParOldGen       total 108032K, used 40757K [0x00000000a0000000, 0x00000000a6980000, 0x00000000e0000000)
  object space 108032K, 37% used [0x00000000a0000000,0x00000000a27cd728,0x00000000a6980000)
 Metaspace       used 54736K, capacity 56788K, committed 57000K, reserved 1097728K
  class space    used 7566K, capacity 8005K, committed 8104K, reserved 1048576K
}
Event: 136.757 GC heap before
{Heap before GC invocations=16 (full 3):
 PSYoungGen      total 167936K, used 154612K [0x00000000e0000000, 0x00000000ec580000, 0x0000000100000000)
  eden space 146944K, 100% used [0x00000000e0000000,0x00000000e8f80000,0x00000000e8f80000)
  from space 20992K, 36% used [0x00000000ea380000,0x00000000eaafd1f0,0x00000000eb800000)
  to   space 20480K, 0% used [0x00000000e8f80000,0x00000000e8f80000,0x00000000ea380000)
 ParOldGen       total 108032K, used 40757K [0x00000000a0000000, 0x00000000a6980000, 0x00000000e0000000)
  object space 108032K, 37% used [0x00000000a0000000,0x00000000a27cd728,0x00000000a6980000)
 Metaspace       used 56570K, capacity 58746K, committed 59048K, reserved 1099776K
  class space    used 7775K, capacity 8260K, committed 8360K, reserved 1048576K
Event: 136.794 GC heap after
Heap after GC invocations=16 (full 3):
 PSYoungGen      total 167424K, used 9145K [0x00000000e0000000, 0x00000000ec580000, 0x0000000100000000)
  eden space 146944K, 0% used [0x00000000e0000000,0x00000000e0000000,0x00000000e8f80000)
  from space 20480K, 44% used [0x00000000e8f80000,0x00000000e986e440,0x00000000ea380000)
  to   space 19968K, 0% used [0x00000000eb200000,0x00000000eb200000,0x00000000ec580000)
 ParOldGen       total 108032K, used 40765K [0x00000000a0000000, 0x00000000a6980000, 0x00000000e0000000)
  object space 108032K, 37% used [0x00000000a0000000,0x00000000a27cf728,0x00000000a6980000)
 Metaspace       used 56570K, capacity 58746K, committed 59048K, reserved 1099776K
  class space    used 7775K, capacity 8260K, committed 8360K, reserved 1048576K
}

Deoptimization events (10 events):
Event: 157.489 Thread 0x000000001cc42000 Uncommon trap: reason=unstable_if action=reinterpret pc=0x0000000003c85360 method=java.lang.String.lastIndexOf([CII[CIII)I @ 135
Event: 157.592 Thread 0x000000001cc42000 Uncommon trap: reason=class_check action=maybe_recompile pc=0x0000000002edd3dc method=java.util.concurrent.ConcurrentHashMap.putVal(Ljava/lang/Object;Ljava/lang/Object;Z)Ljava/lang/Object; @ 192
Event: 157.754 Thread 0x000000001cc46800 Uncommon trap: reason=class_check action=maybe_recompile pc=0x00000000043669dc method=java.nio.file.attribute.FileTime.toMillis()J @ 15
Event: 157.755 Thread 0x000000001cc49800 Uncommon trap: reason=class_check action=maybe_recompile pc=0x00000000043669dc method=java.nio.file.attribute.FileTime.toMillis()J @ 15
Event: 157.757 Thread 0x000000001cc43000 Uncommon trap: reason=class_check action=maybe_recompile pc=0x00000000043669dc method=java.nio.file.attribute.FileTime.toMillis()J @ 15
Event: 157.773 Thread 0x000000001cc49000 Uncommon trap: reason=class_check action=maybe_recompile pc=0x00000000043669dc method=java.nio.file.attribute.FileTime.toMillis()J @ 15
Event: 158.195 Thread 0x000000001cc43000 Uncommon trap: reason=class_check action=maybe_recompile pc=0x0000000003fb88b4 method=java.util.concurrent.locks.ReentrantLock.lock()V @ 4
Event: 158.247 Thread 0x000000001cc49800 Uncommon trap: reason=class_check action=maybe_recompile pc=0x0000000003fb88b4 method=java.util.concurrent.locks.ReentrantLock.lock()V @ 4
Event: 158.248 Thread 0x000000001cc49800 Uncommon trap: reason=class_check action=maybe_recompile pc=0x0000000003fb88b4 method=java.util.concurrent.locks.ReentrantLock.lock()V @ 4
Event: 158.249 Thread 0x000000001cc49800 Uncommon trap: reason=class_check action=maybe_recompile pc=0x0000000003fb88b4 method=java.util.concurrent.locks.ReentrantLock.lock()V @ 4

Internal exceptions (10 events):
Event: 136.269 Thread 0x00000000184e0000 Exception <a 'sun/nio/fs/WindowsException'> (0x00000000e865fdd0) thrown at [C:\re\workspace\8-2-build-windows-amd64-cygwin\jdk8u121\8372\hotspot\src\share\vm\prims\jni.cpp, line 709]
Event: 136.269 Thread 0x00000000184e0000 Exception <a 'sun/nio/fs/WindowsException'> (0x00000000e8660a00) thrown at [C:\re\workspace\8-2-build-windows-amd64-cygwin\jdk8u121\8372\hotspot\src\share\vm\prims\jni.cpp, line 709]
Event: 136.271 Thread 0x00000000184e0000 Exception <a 'sun/nio/fs/WindowsException'> (0x00000000e86635c0) thrown at [C:\re\workspace\8-2-build-windows-amd64-cygwin\jdk8u121\8372\hotspot\src\share\vm\prims\jni.cpp, line 709]
Event: 136.271 Thread 0x00000000184e0000 Exception <a 'sun/nio/fs/WindowsException'> (0x00000000e8664230) thrown at [C:\re\workspace\8-2-build-windows-amd64-cygwin\jdk8u121\8372\hotspot\src\share\vm\prims\jni.cpp, line 709]
Event: 136.272 Thread 0x00000000184e0000 Exception <a 'sun/nio/fs/WindowsException'> (0x00000000e8665ee8) thrown at [C:\re\workspace\8-2-build-windows-amd64-cygwin\jdk8u121\8372\hotspot\src\share\vm\prims\jni.cpp, line 709]
Event: 136.272 Thread 0x00000000184e0000 Exception <a 'sun/nio/fs/WindowsException'> (0x00000000e8666b90) thrown at [C:\re\workspace\8-2-build-windows-amd64-cygwin\jdk8u121\8372\hotspot\src\share\vm\prims\jni.cpp, line 709]
Event: 136.290 Thread 0x00000000184e0000 Exception <a 'sun/nio/fs/WindowsException'> (0x00000000e8669fc0) thrown at [C:\re\workspace\8-2-build-windows-amd64-cygwin\jdk8u121\8372\hotspot\src\share\vm\prims\jni.cpp, line 709]
Event: 136.290 Thread 0x00000000184e0000 Exception <a 'sun/nio/fs/WindowsException'> (0x00000000e866aaf0) thrown at [C:\re\workspace\8-2-build-windows-amd64-cygwin\jdk8u121\8372\hotspot\src\share\vm\prims\jni.cpp, line 709]
Event: 136.291 Thread 0x00000000184e0000 Exception <a 'sun/nio/fs/WindowsException'> (0x00000000e866c668) thrown at [C:\re\workspace\8-2-build-windows-amd64-cygwin\jdk8u121\8372\hotspot\src\share\vm\prims\jni.cpp, line 709]
Event: 136.291 Thread 0x00000000184e0000 Exception <a 'sun/nio/fs/WindowsException'> (0x00000000e866d1d0) thrown at [C:\re\workspace\8-2-build-windows-amd64-cygwin\jdk8u121\8372\hotspot\src\share\vm\prims\jni.cpp, line 709]

Events (10 events):
Event: 158.247 Thread 0x000000001cc49800 DEOPT PACKING pc=0x0000000003fb88b4 sp=0x0000000022acea90
Event: 158.247 Thread 0x000000001cc49800 DEOPT UNPACKING pc=0x000000000271582a sp=0x0000000022acea48 mode 2
Event: 158.248 Thread 0x000000001cc49800 Uncommon trap: trap_request=0xffffffde fr.pc=0x0000000003fb88b4
Event: 158.248 Thread 0x000000001cc49800 DEOPT PACKING pc=0x0000000003fb88b4 sp=0x0000000022acea90
Event: 158.248 Thread 0x000000001cc49800 DEOPT UNPACKING pc=0x000000000271582a sp=0x0000000022acea48 mode 2
Event: 158.249 Thread 0x000000001cc49800 Uncommon trap: trap_request=0xffffffde fr.pc=0x0000000003fb88b4
Event: 158.249 Thread 0x000000001cc49800 DEOPT PACKING pc=0x0000000003fb88b4 sp=0x0000000022acea90
Event: 158.249 Thread 0x000000001cc49800 DEOPT UNPACKING pc=0x000000000271582a sp=0x0000000022acea48 mode 2
Event: 158.259 loading class com/android/dx/cf/attrib/AttExceptions
Event: 158.259 loading class com/android/dx/cf/attrib/AttExceptions done


Dynamic libraries:
0x00007ff78cda0000 - 0x00007ff78cdd7000 	C:\Program Files\Java\jdk1.8.0_121\bin\java.exe
0x00007ffcc0470000 - 0x00007ffcc061c000 	C:\Windows\SYSTEM32\ntdll.dll
0x00007ffcbe790000 - 0x00007ffcbe8ce000 	C:\Windows\system32\KERNEL32.DLL
0x00007ffcbd970000 - 0x00007ffcbda85000 	C:\Windows\system32\KERNELBASE.dll
0x00007ffcbc160000 - 0x00007ffcbc1ee000 	C:\Windows\system32\apphelp.dll
0x00007ffcace30000 - 0x00007ffcace83000 	C:\Windows\AppPatch\AppPatch64\AcGenral.DLL
0x00007ffcbe3f0000 - 0x00007ffcbe49a000 	C:\Windows\system32\msvcrt.dll
0x00007ffcbd380000 - 0x00007ffcbd3ae000 	C:\Windows\SYSTEM32\SspiCli.dll
0x00007ffcbded0000 - 0x00007ffcbdf24000 	C:\Windows\system32\SHLWAPI.dll
0x00007ffcbe8d0000 - 0x00007ffcbea47000 	C:\Windows\system32\USER32.dll
0x00007ffcbdaf0000 - 0x00007ffcbdc84000 	C:\Windows\system32\ole32.dll
0x00007ffcbea50000 - 0x00007ffcbff68000 	C:\Windows\system32\SHELL32.dll
0x00007ffcbcb60000 - 0x00007ffcbcb81000 	C:\Windows\SYSTEM32\USERENV.dll
0x00007ffcbdf30000 - 0x00007ffcbdfda000 	C:\Windows\system32\ADVAPI32.dll
0x00007ffcb1390000 - 0x00007ffcb13ae000 	C:\Windows\SYSTEM32\MPR.dll
0x00007ffcbffd0000 - 0x00007ffcc0111000 	C:\Windows\system32\RPCRT4.dll
0x00007ffcbdc90000 - 0x00007ffcbdce9000 	C:\Windows\SYSTEM32\sechost.dll
0x00007ffcbe560000 - 0x00007ffcbe771000 	C:\Windows\SYSTEM32\combase.dll
0x00007ffcbe060000 - 0x00007ffcbe1b1000 	C:\Windows\system32\GDI32.dll
0x00007ffcbd5c0000 - 0x00007ffcbd5d5000 	C:\Windows\SYSTEM32\profapi.dll
0x00007ffcbbb90000 - 0x00007ffcbbc42000 	C:\Windows\SYSTEM32\SHCORE.dll
0x00007ffcc0120000 - 0x00007ffcc0156000 	C:\Windows\system32\IMM32.DLL
0x00007ffcbe290000 - 0x00007ffcbe3e3000 	C:\Windows\system32\MSCTF.dll
0x00007ffcbadd0000 - 0x00007ffcbb04b000 	C:\Windows\WinSxS\amd64_microsoft.windows.common-controls_6595b64144ccf1df_6.0.9600.17415_none_6240486fecbd8abb\COMCTL32.dll
0x0000000070150000 - 0x0000000070222000 	C:\Program Files\Java\jdk1.8.0_121\jre\bin\msvcr100.dll
0x000000006d4d0000 - 0x000000006dd6b000 	C:\Program Files\Java\jdk1.8.0_121\jre\bin\server\jvm.dll
0x00007ffcb13c0000 - 0x00007ffcb13c9000 	C:\Windows\SYSTEM32\WSOCK32.dll
0x00007ffcb8410000 - 0x00007ffcb8432000 	C:\Windows\SYSTEM32\WINMM.dll
0x00007ffcb7c50000 - 0x00007ffcb7c5a000 	C:\Windows\SYSTEM32\VERSION.dll
0x00007ffcbe1c0000 - 0x00007ffcbe1c7000 	C:\Windows\system32\PSAPI.DLL
0x00007ffcc0230000 - 0x00007ffcc028a000 	C:\Windows\system32\WS2_32.dll
0x00007ffcb83e0000 - 0x00007ffcb840a000 	C:\Windows\SYSTEM32\WINMMBASE.dll
0x00007ffcbe050000 - 0x00007ffcbe059000 	C:\Windows\system32\NSI.dll
0x00007ffcbd740000 - 0x00007ffcbd78f000 	C:\Windows\SYSTEM32\cfgmgr32.dll
0x00007ffcbc3b0000 - 0x00007ffcbc3d8000 	C:\Windows\SYSTEM32\DEVOBJ.dll
0x00000000713d0000 - 0x00000000713df000 	C:\Program Files\Java\jdk1.8.0_121\jre\bin\verify.dll
0x00000000713a0000 - 0x00000000713c9000 	C:\Program Files\Java\jdk1.8.0_121\jre\bin\java.dll
0x0000000071380000 - 0x0000000071396000 	C:\Program Files\Java\jdk1.8.0_121\jre\bin\zip.dll
0x0000000071360000 - 0x000000007137a000 	C:\Program Files\Java\jdk1.8.0_121\jre\bin\net.dll
0x00007ffcbcdd0000 - 0x00007ffcbce29000 	C:\Windows\system32\mswsock.dll
0x0000000070130000 - 0x0000000070141000 	C:\Program Files\Java\jdk1.8.0_121\jre\bin\nio.dll
0x00007ffcace90000 - 0x00007ffcacea2000 	C:\Users\Sandesh\.gradle\native\19\windows-amd64\native-platform.dll
0x00007ffcbce30000 - 0x00007ffcbce50000 	C:\Windows\SYSTEM32\CRYPTSP.dll
0x00007ffcbca50000 - 0x00007ffcbca86000 	C:\Windows\system32\rsaenh.dll
0x00007ffcbd0d0000 - 0x00007ffcbd0f6000 	C:\Windows\SYSTEM32\bcrypt.dll
0x00007ffcbd3c0000 - 0x00007ffcbd423000 	C:\Windows\system32\bcryptprimitives.dll
0x00007ffcbd430000 - 0x00007ffcbd43b000 	C:\Windows\SYSTEM32\CRYPTBASE.dll
0x00007ffcb82a0000 - 0x00007ffcb82ca000 	C:\Windows\SYSTEM32\IPHLPAPI.DLL
0x00007ffcb8270000 - 0x00007ffcb827a000 	C:\Windows\SYSTEM32\WINNSI.DLL
0x00007ffcb6740000 - 0x00007ffcb6756000 	C:\Windows\SYSTEM32\dhcpcsvc6.DLL
0x00007ffcb6840000 - 0x00007ffcb685a000 	C:\Windows\SYSTEM32\dhcpcsvc.DLL
0x0000000071350000 - 0x000000007135d000 	C:\Program Files\Java\jdk1.8.0_121\jre\bin\management.dll

VM Arguments:
jvm_args: -Xmx1536m -Dfile.encoding=windows-1252 -Duser.country=US -Duser.language=en -Duser.variant 
java_command: org.gradle.launcher.daemon.bootstrap.GradleDaemon 2.14.1
java_class_path (initial): C:\Program Files\Android\Android Studio\gradle\gradle-2.14.1\lib\gradle-launcher-2.14.1.jar
Launcher Type: SUN_STANDARD

Environment Variables:
JAVA_HOME=C:\Program Files\Java\jdk1.8.0_121
PATH=C:\ProgramData\Oracle\Java\javapath;C:\Program Files (x86)\OpenSSH\bin;C:\Program Files (x86)\Skype\Phone\;C:\Program Files (x86)\Brackets\command;C:\Program Files\Microsoft SQL Server\120\Tools\Binn\;C:\Program Files\nodejs\;C:\Program Files\MongoDB\;C:\Program Files\MongoDB\Server\3.2\;C:\Program Files (x86)\Heroku\bin;C:\Program Files (x86)\nodejs\;C:\Program Files (x86)\Notepad++;C:\MinGW\bin;C:\Program Files\Java\jdk1.8.0_60\bin;C:\Users\Sandesh\AppData\Local\Android\sdk\platform-tools;C:\Users\Sandesh\AppData\Local\Android\sdk\tools;C:\Users\Sandesh\Anaconda2;C:\Users\Sandesh\Anaconda2\Scripts;C:\Users\Sandesh\Anaconda2\Library\bin;C:\Ruby23-x64\bin;C:\ProgramData\Oracle\Java\javapath;C:\Program Files (x86)\Intel\iCLS Client\;C:\Program Files\Intel\iCLS Client\;C:\Windows\system32;C:\Windows;C:\Windows\System32\Wbem;C:\Windows\System32\WindowsPowerShell\v1.0\;C:\Program Files\Intel\Intel(R) Management Engine Components\DAL;C:\Program Files (x86)\Intel\Intel(R) Management Engine Components\DAL;C:\Program Files\Intel\Intel(R) Management Engine Components\IPT;C:\Program Files (x86)\Intel\Intel(R) Management Engine Components\IPT;C:\Program Files\Intel\WiFi\bin\;C:\Program Files\Common Files\Intel\WirelessCommon\;C:\Program Files (x86)\Skype\Phone\;;C:\softwares\maven\apache-maven-3.3.3\bin;C:\Users\Sandesh\AppData\Local\Enthought\Canopy\User;C:\Users\Sandesh\AppData\Local\Enthought\Canopy\User\Scripts;C:\Program Files (x86)\SSH Communications Security\SSH Secure Shell;C:\Users\Sandesh\AppData\Roaming\npm;C:\Program Files\;C:\Program Files (x86)\Java\jre7\bin;C:\Program Files\MySQL\MySQL Server 5.6\bin;C:\Program Files\Java\jdk1.7.0_79\bin;C:\Program Files (x86)\Microsoft VS Code\bin
USERNAME=Sandesh
OS=Windows_NT
PROCESSOR_IDENTIFIER=Intel64 Family 6 Model 61 Stepping 4, GenuineIntel



---------------  S Y S T E M  ---------------

OS: Windows 8.1 , 64 bit Build 9600 (6.3.9600.17415)

CPU:total 4 (2 cores per cpu, 2 threads per core) family 6 model 61 stepping 4, cmov, cx8, fxsr, mmx, sse, sse2, sse3, ssse3, sse4.1, sse4.2, popcnt, avx, avx2, aes, clmul, erms, 3dnowpref, lzcnt, ht, tsc, tscinvbit, bmi1, bmi2, adx

Memory: 4k page, physical 8301904k(956688k free), swap 11447632k(5128k free)

vm_info: Java HotSpot(TM) 64-Bit Server VM (25.121-b13) for windows-amd64 JRE (1.8.0_121-b13), built on Dec 12 2016 18:21:36 by "java_re" with MS VC++ 10.0 (VS2010)

time: Sun Jan 22 01:12:53 2017
elapsed time: 158 seconds (0d 0h 2m 38s)

