#
# There is insufficient memory for the Java Runtime Environment to continue.
# Native memory allocation (malloc) failed to allocate 2250896 bytes for Chunk::new
# Possible reasons:
#   The system is out of physical RAM or swap space
#   In 32 bit mode, the process size limit was hit
# Possible solutions:
#   Reduce memory load on the system
#   Increase physical memory or swap space
#   Check if swap backing store is full
#   Use 64 bit Java on a 64 bit OS
#   Decrease Java heap size (-Xmx/-Xms)
#   Decrease number of Java threads
#   Decrease Java thread stack sizes (-Xss)
#   Set larger code cache with -XX:ReservedCodeCacheSize=
# This output file may be truncated or incomplete.
#
#  Out of Memory Error (allocation.cpp:390), pid=28012, tid=0x0000000000002e5c
#
# JRE version: Java(TM) SE Runtime Environment (8.0_121-b13) (build 1.8.0_121-b13)
# Java VM: Java HotSpot(TM) 64-Bit Server VM (25.121-b13 mixed mode windows-amd64 compressed oops)
# Failed to write core dump. Minidumps are not enabled by default on client versions of Windows
#

---------------  T H R E A D  ---------------

Current thread (0x00000000162cf000):  JavaThread "C2 CompilerThread0" daemon [_thread_in_native, id=11868, stack(0x00000000179b0000,0x0000000017ab0000)]

Stack: [0x00000000179b0000,0x0000000017ab0000]
[error occurred during error reporting (printing stack bounds), id 0xc0000005]

Native frames: (J=compiled Java code, j=interpreted, Vv=VM code, C=native code)


Current CompileTask:
C2:  50875 5982   !   4       java.beans.PropertyDescriptor::findPropertyType (188 bytes)


---------------  P R O C E S S  ---------------

Java Threads: ( => current thread )
  0x0000000018fca800 JavaThread "File lock request listener" [_thread_in_native, id=40576, stack(0x000000001b250000,0x000000001b350000)]
  0x0000000017d9c800 JavaThread "Stdin handler" [_thread_blocked, id=27568, stack(0x000000001ad50000,0x000000001ae50000)]
  0x0000000018480800 JavaThread "Asynchronous log dispatcher for org.gradle.launcher.daemon.server.DefaultDaemonConnection@412aaa81" [_thread_blocked, id=12656, stack(0x000000001ac50000,0x000000001ad50000)]
  0x0000000017d9a000 JavaThread "Daemon worker" [_thread_in_native, id=46124, stack(0x000000001a950000,0x000000001aa50000)]
  0x0000000017de6800 JavaThread "Cancel handler" [_thread_blocked, id=23808, stack(0x000000001a850000,0x000000001a950000)]
  0x000000001925b800 JavaThread "Handler for socket connection from /127.0.0.1:58638 to /127.0.0.1:58639" [_thread_in_native, id=18624, stack(0x000000001a750000,0x000000001a850000)]
  0x00000000191ca000 JavaThread "Daemon" [_thread_blocked, id=30964, stack(0x000000001a650000,0x000000001a750000)]
  0x00000000184b3000 JavaThread "Incoming local TCP Connector on port 58638" [_thread_in_native, id=40408, stack(0x0000000019f60000,0x000000001a060000)]
  0x0000000019023000 JavaThread "pool-1-thread-1" [_thread_blocked, id=46456, stack(0x0000000018ab0000,0x0000000018bb0000)]
  0x000000001632e800 JavaThread "Service Thread" daemon [_thread_blocked, id=23584, stack(0x00000000180b0000,0x00000000181b0000)]
  0x00000000162dc000 JavaThread "C1 CompilerThread2" daemon [_thread_blocked, id=38540, stack(0x0000000017bb0000,0x0000000017cb0000)]
  0x00000000162d1800 JavaThread "C2 CompilerThread1" daemon [_thread_in_native, id=33592, stack(0x0000000017ab0000,0x0000000017bb0000)]
=>0x00000000162cf000 JavaThread "C2 CompilerThread0" daemon [_thread_in_native, id=11868, stack(0x00000000179b0000,0x0000000017ab0000)]
  0x00000000162cd800 JavaThread "Attach Listener" daemon [_thread_blocked, id=46112, stack(0x00000000178b0000,0x00000000179b0000)]
  0x00000000162cc800 JavaThread "Signal Dispatcher" daemon [_thread_blocked, id=13392, stack(0x00000000177b0000,0x00000000178b0000)]
  0x000000000295c000 JavaThread "Finalizer" daemon [_thread_blocked, id=44664, stack(0x0000000017530000,0x0000000017630000)]
  0x0000000016299000 JavaThread "Reference Handler" daemon [_thread_blocked, id=16896, stack(0x0000000017430000,0x0000000017530000)]
  0x000000000285e000 JavaThread "main" [_thread_blocked, id=46956, stack(0x00000000026f0000,0x00000000027f0000)]

Other Threads:
  0x0000000016297000 VMThread [stack: 0x0000000017330000,0x0000000017430000] [id=14012]
  0x0000000017cf2800 WatcherThread [stack: 0x00000000181b0000,0x00000000182b0000] [id=46728]

VM state:not at safepoint (normal execution)

VM Mutex/Monitor currently owned by a thread: None

Heap:
 PSYoungGen      total 155136K, used 125804K [0x00000000e0000000, 0x00000000ece80000, 0x0000000100000000)
  eden space 143872K, 79% used [0x00000000e0000000,0x00000000e6fdd968,0x00000000e8c80000)
  from space 11264K, 99% used [0x00000000e8c80000,0x00000000e977d858,0x00000000e9780000)
  to   space 12800K, 0% used [0x00000000ec200000,0x00000000ec200000,0x00000000ece80000)
 ParOldGen       total 94208K, used 16509K [0x00000000a0000000, 0x00000000a5c00000, 0x00000000e0000000)
  object space 94208K, 17% used [0x00000000a0000000,0x00000000a101f4b8,0x00000000a5c00000)
 Metaspace       used 49565K, capacity 50880K, committed 51240K, reserved 1093632K
  class space    used 6826K, capacity 7122K, committed 7208K, reserved 1048576K

Card table byte_map: [0x0000000011d20000,0x0000000012030000] byte_map_base: 0x0000000011820000

Marking Bits: (ParMarkBitMap*) 0x000000006dceb6d0
 Begin Bits: [0x0000000012630000, 0x0000000013e30000)
 End Bits:   [0x0000000013e30000, 0x0000000015630000)

Polling page: 0x0000000000ea0000

CodeCache: size=245760Kb used=20216Kb max_used=20216Kb free=225543Kb
 bounds [0x0000000002960000, 0x0000000003d40000, 0x0000000011960000]
 total_blobs=6124 nmethods=5416 adapters=619
 compilation: enabled

Compilation events (10 events):
Event: 50.655 Thread 0x00000000162dc000 6082       3       org.gradle.api.internal.artifacts.ivyservice.resolveengine.result.InternalDependencyResultSerializer::write (69 bytes)
Event: 50.656 Thread 0x00000000162dc000 nmethod 6082 0x0000000003d2bfd0 code [0x0000000003d2c1c0, 0x0000000003d2c928]
Event: 50.656 Thread 0x00000000162dc000 6083       3       org.gradle.api.internal.artifacts.ivyservice.resolveengine.graph.DependencyGraphBuilder$DependencyEdge::getRequested (10 bytes)
Event: 50.656 Thread 0x00000000162dc000 nmethod 6083 0x0000000003d2cbd0 code [0x0000000003d2cd40, 0x0000000003d2cf68]
Event: 50.656 Thread 0x00000000162dc000 6084       3       org.gradle.api.internal.artifacts.ivyservice.resolveengine.result.ComponentSelectorSerializer::write (210 bytes)
Event: 50.658 Thread 0x00000000162dc000 nmethod 6084 0x0000000003d2d010 code [0x0000000003d2d3c0, 0x0000000003d2f498]
Event: 50.658 Thread 0x00000000162dc000 6085       3       org.gradle.api.internal.artifacts.ivyservice.resolveengine.graph.DependencyGraphBuilder$DependencyEdge::getSelected (11 bytes)
Event: 50.658 Thread 0x00000000162dc000 nmethod 6085 0x0000000003d30010 code [0x0000000003d30180, 0x0000000003d30390]
Event: 50.658 Thread 0x00000000162dc000 6086       3       org.gradle.api.internal.artifacts.ivyservice.resolveengine.graph.DependencyGraphBuilder$ModuleVersionSelectorResolveState::getSelected (8 bytes)
Event: 50.658 Thread 0x00000000162dc000 nmethod 6086 0x0000000003d304d0 code [0x0000000003d30620, 0x0000000003d30770]

GC Heap History (10 events):
Event: 19.435 GC heap before
{Heap before GC invocations=7 (full 1):
 PSYoungGen      total 67072K, used 67058K [0x00000000e0000000, 0x00000000e7280000, 0x0000000100000000)
  eden space 61952K, 100% used [0x00000000e0000000,0x00000000e3c80000,0x00000000e3c80000)
  from space 5120K, 99% used [0x00000000e3c80000,0x00000000e417cbd8,0x00000000e4180000)
  to   space 10240K, 0% used [0x00000000e6880000,0x00000000e6880000,0x00000000e7280000)
 ParOldGen       total 64000K, used 11006K [0x00000000a0000000, 0x00000000a3e80000, 0x00000000e0000000)
  object space 64000K, 17% used [0x00000000a0000000,0x00000000a0abf888,0x00000000a3e80000)
 Metaspace       used 28335K, capacity 28920K, committed 29312K, reserved 1075200K
  class space    used 3972K, capacity 4130K, committed 4224K, reserved 1048576K
Event: 19.473 GC heap after
Heap after GC invocations=7 (full 1):
 PSYoungGen      total 105984K, used 5933K [0x00000000e0000000, 0x00000000e7200000, 0x0000000100000000)
  eden space 96256K, 0% used [0x00000000e0000000,0x00000000e0000000,0x00000000e5e00000)
  from space 9728K, 60% used [0x00000000e6880000,0x00000000e6e4b548,0x00000000e7200000)
  to   space 10240K, 0% used [0x00000000e5e00000,0x00000000e5e00000,0x00000000e6800000)
 ParOldGen       total 64000K, used 11014K [0x00000000a0000000, 0x00000000a3e80000, 0x00000000e0000000)
  object space 64000K, 17% used [0x00000000a0000000,0x00000000a0ac1888,0x00000000a3e80000)
 Metaspace       used 28335K, capacity 28920K, committed 29312K, reserved 1075200K
  class space    used 3972K, capacity 4130K, committed 4224K, reserved 1048576K
}
Event: 30.014 GC heap before
{Heap before GC invocations=8 (full 1):
 PSYoungGen      total 105984K, used 102189K [0x00000000e0000000, 0x00000000e7200000, 0x0000000100000000)
  eden space 96256K, 100% used [0x00000000e0000000,0x00000000e5e00000,0x00000000e5e00000)
  from space 9728K, 60% used [0x00000000e6880000,0x00000000e6e4b548,0x00000000e7200000)
  to   space 10240K, 0% used [0x00000000e5e00000,0x00000000e5e00000,0x00000000e6800000)
 ParOldGen       total 64000K, used 11014K [0x00000000a0000000, 0x00000000a3e80000, 0x00000000e0000000)
  object space 64000K, 17% used [0x00000000a0000000,0x00000000a0ac1888,0x00000000a3e80000)
 Metaspace       used 33046K, capacity 33772K, committed 34048K, reserved 1079296K
  class space    used 4563K, capacity 4775K, committed 4864K, reserved 1048576K
Event: 30.047 GC heap after
Heap after GC invocations=8 (full 1):
 PSYoungGen      total 106496K, used 10078K [0x00000000e0000000, 0x00000000ea280000, 0x0000000100000000)
  eden space 96256K, 0% used [0x00000000e0000000,0x00000000e0000000,0x00000000e5e00000)
  from space 10240K, 98% used [0x00000000e5e00000,0x00000000e67d78d8,0x00000000e6800000)
  to   space 11264K, 0% used [0x00000000e9780000,0x00000000e9780000,0x00000000ea280000)
 ParOldGen       total 64000K, used 11022K [0x00000000a0000000, 0x00000000a3e80000, 0x00000000e0000000)
  object space 64000K, 17% used [0x00000000a0000000,0x00000000a0ac3888,0x00000000a3e80000)
 Metaspace       used 33046K, capacity 33772K, committed 34048K, reserved 1079296K
  class space    used 4563K, capacity 4775K, committed 4864K, reserved 1048576K
}
Event: 30.547 GC heap before
{Heap before GC invocations=9 (full 1):
 PSYoungGen      total 106496K, used 28130K [0x00000000e0000000, 0x00000000ea280000, 0x0000000100000000)
  eden space 96256K, 18% used [0x00000000e0000000,0x00000000e11a1078,0x00000000e5e00000)
  from space 10240K, 98% used [0x00000000e5e00000,0x00000000e67d78d8,0x00000000e6800000)
  to   space 11264K, 0% used [0x00000000e9780000,0x00000000e9780000,0x00000000ea280000)
 ParOldGen       total 64000K, used 11022K [0x00000000a0000000, 0x00000000a3e80000, 0x00000000e0000000)
  object space 64000K, 17% used [0x00000000a0000000,0x00000000a0ac3888,0x00000000a3e80000)
 Metaspace       used 34602K, capacity 35312K, committed 35496K, reserved 1079296K
  class space    used 4772K, capacity 5005K, committed 5032K, reserved 1048576K
Event: 30.563 GC heap after
Heap after GC invocations=9 (full 1):
 PSYoungGen      total 155136K, used 8114K [0x00000000e0000000, 0x00000000eab00000, 0x0000000100000000)
  eden space 143872K, 0% used [0x00000000e0000000,0x00000000e0000000,0x00000000e8c80000)
  from space 11264K, 72% used [0x00000000e9780000,0x00000000e9f6cb78,0x00000000ea280000)
  to   space 11264K, 0% used [0x00000000e8c80000,0x00000000e8c80000,0x00000000e9780000)
 ParOldGen       total 64000K, used 11102K [0x00000000a0000000, 0x00000000a3e80000, 0x00000000e0000000)
  object space 64000K, 17% used [0x00000000a0000000,0x00000000a0ad78b0,0x00000000a3e80000)
 Metaspace       used 34602K, capacity 35312K, committed 35496K, reserved 1079296K
  class space    used 4772K, capacity 5005K, committed 5032K, reserved 1048576K
}
Event: 30.563 GC heap before
{Heap before GC invocations=10 (full 2):
 PSYoungGen      total 155136K, used 8114K [0x00000000e0000000, 0x00000000eab00000, 0x0000000100000000)
  eden space 143872K, 0% used [0x00000000e0000000,0x00000000e0000000,0x00000000e8c80000)
  from space 11264K, 72% used [0x00000000e9780000,0x00000000e9f6cb78,0x00000000ea280000)
  to   space 11264K, 0% used [0x00000000e8c80000,0x00000000e8c80000,0x00000000e9780000)
 ParOldGen       total 64000K, used 11102K [0x00000000a0000000, 0x00000000a3e80000, 0x00000000e0000000)
  object space 64000K, 17% used [0x00000000a0000000,0x00000000a0ad78b0,0x00000000a3e80000)
 Metaspace       used 34602K, capacity 35312K, committed 35496K, reserved 1079296K
  class space    used 4772K, capacity 5005K, committed 5032K, reserved 1048576K
Event: 30.836 GC heap after
Heap after GC invocations=10 (full 2):
 PSYoungGen      total 155136K, used 0K [0x00000000e0000000, 0x00000000eab00000, 0x0000000100000000)
  eden space 143872K, 0% used [0x00000000e0000000,0x00000000e0000000,0x00000000e8c80000)
  from space 11264K, 0% used [0x00000000e9780000,0x00000000e9780000,0x00000000ea280000)
  to   space 11264K, 0% used [0x00000000e8c80000,0x00000000e8c80000,0x00000000e9780000)
 ParOldGen       total 94208K, used 15646K [0x00000000a0000000, 0x00000000a5c00000, 0x00000000e0000000)
  object space 94208K, 16% used [0x00000000a0000000,0x00000000a0f47a38,0x00000000a5c00000)
 Metaspace       used 34602K, capacity 35312K, committed 35496K, reserved 1079296K
  class space    used 4772K, capacity 5005K, committed 5032K, reserved 1048576K
}
Event: 44.252 GC heap before
{Heap before GC invocations=11 (full 2):
 PSYoungGen      total 155136K, used 143872K [0x00000000e0000000, 0x00000000eab00000, 0x0000000100000000)
  eden space 143872K, 100% used [0x00000000e0000000,0x00000000e8c80000,0x00000000e8c80000)
  from space 11264K, 0% used [0x00000000e9780000,0x00000000e9780000,0x00000000ea280000)
  to   space 11264K, 0% used [0x00000000e8c80000,0x00000000e8c80000,0x00000000e9780000)
 ParOldGen       total 94208K, used 15646K [0x00000000a0000000, 0x00000000a5c00000, 0x00000000e0000000)
  object space 94208K, 16% used [0x00000000a0000000,0x00000000a0f47a38,0x00000000a5c00000)
 Metaspace       used 43685K, capacity 44620K, committed 44840K, reserved 1087488K
  class space    used 5973K, capacity 6184K, committed 6184K, reserved 1048576K
Event: 44.312 GC heap after
Heap after GC invocations=11 (full 2):
 PSYoungGen      total 155136K, used 11254K [0x00000000e0000000, 0x00000000ece80000, 0x0000000100000000)
  eden space 143872K, 0% used [0x00000000e0000000,0x00000000e0000000,0x00000000e8c80000)
  from space 11264K, 99% used [0x00000000e8c80000,0x00000000e977d858,0x00000000e9780000)
  to   space 12800K, 0% used [0x00000000ec200000,0x00000000ec200000,0x00000000ece80000)
 ParOldGen       total 94208K, used 16509K [0x00000000a0000000, 0x00000000a5c00000, 0x00000000e0000000)
  object space 94208K, 17% used [0x00000000a0000000,0x00000000a101f4b8,0x00000000a5c00000)
 Metaspace       used 43685K, capacity 44620K, committed 44840K, reserved 1087488K
  class space    used 5973K, capacity 6184K, committed 6184K, reserved 1048576K
}

Deoptimization events (10 events):
Event: 48.061 Thread 0x0000000017d9a000 Uncommon trap: reason=unstable_if action=reinterpret pc=0x0000000002b25828 method=java.lang.String.replace(CC)Ljava/lang/String; @ 2
Event: 48.064 Thread 0x0000000017d9a000 Uncommon trap: reason=unstable_if action=reinterpret pc=0x0000000003591794 method=groovy.lang.MetaClassImpl.checkIfStdMethod(Lgroovy/lang/MetaMethod;)V @ 79
Event: 48.065 Thread 0x0000000017d9a000 Uncommon trap: reason=unstable_if action=reinterpret pc=0x00000000037e9790 method=org.codehaus.groovy.runtime.metaclass.MetaMethodIndex.copyNonPrivateNonNewMetaMethods(Lorg/codehaus/groovy/runtime/metaclass/MetaMethodIndex$Entry;Lorg/codehaus/groovy/runti
Event: 48.316 Thread 0x0000000017d9a000 Uncommon trap: reason=predicate action=maybe_recompile pc=0x0000000002d07174 method=org.gradle.internal.logging.text.AbstractLineChoppingStyledTextOutput.doAppend(Ljava/lang/String;)V @ 10
Event: 48.974 Thread 0x0000000017d9a000 Uncommon trap: reason=class_check action=maybe_recompile pc=0x0000000003a46748 method=sun.misc.URLClassPath$1.next()Z @ 46
Event: 49.469 Thread 0x0000000017d9a000 Uncommon trap: reason=unstable_if action=reinterpret pc=0x00000000030defcc method=groovy.lang.MetaClassImpl.filterPropertyMethod(Ljava/lang/Object;ZZ)Ljava/lang/Object; @ 193
Event: 50.042 Thread 0x0000000017d9a000 Uncommon trap: reason=unstable_if action=reinterpret pc=0x0000000003857668 method=sun.reflect.generics.reflectiveObjects.ParameterizedTypeImpl.<init>(Ljava/lang/Class;[Ljava/lang/reflect/Type;Ljava/lang/reflect/Type;)V @ 16
Event: 50.042 Thread 0x0000000017d9a000 Uncommon trap: reason=unstable_if action=reinterpret pc=0x000000000382b320 method=sun.reflect.generics.reflectiveObjects.ParameterizedTypeImpl.<init>(Ljava/lang/Class;[Ljava/lang/reflect/Type;Ljava/lang/reflect/Type;)V @ 16
Event: 50.136 Thread 0x0000000017d9a000 Uncommon trap: reason=unstable_if action=reinterpret pc=0x00000000037cb4b8 method=java.beans.PropertyDescriptor.getPropertyType0()Ljava/lang/Class; @ 4
Event: 50.137 Thread 0x0000000017d9a000 Uncommon trap: reason=unstable_if action=reinterpret pc=0x000000000313cff8 method=org.codehaus.groovy.reflection.CachedMethod.compareToMethod(Ljava/lang/reflect/Method;)I @ 71

Internal exceptions (10 events):
Event: 50.605 Thread 0x0000000017d9a000 Exception <a 'java/lang/ClassNotFoundException': java/lang/EnumCustomizer> (0x00000000e6bb6070) thrown at [C:\re\workspace\8-2-build-windows-amd64-cygwin\jdk8u121\8372\hotspot\src\share\vm\classfile\systemDictionary.cpp, line 210]
Event: 50.606 Thread 0x0000000017d9a000 Exception <a 'java/lang/ClassNotFoundException': org/gradle/api/JavaVersionCustomizer> (0x00000000e6bca078) thrown at [C:\re\workspace\8-2-build-windows-amd64-cygwin\jdk8u121\8372\hotspot\src\share\vm\classfile\systemDictionary.cpp, line 210]
Event: 50.608 Thread 0x0000000017d9a000 Exception <a 'java/lang/ClassNotFoundException': org/gradle/plugins/ide/idea/model/IdeaLanguageLevelBeanInfo> (0x00000000e6c0d2c8) thrown at [C:\re\workspace\8-2-build-windows-amd64-cygwin\jdk8u121\8372\hotspot\src\share\vm\classfile\systemDictionary.cpp,
Event: 50.608 Thread 0x0000000017d9a000 Exception <a 'java/lang/ClassNotFoundException': org/gradle/plugins/ide/idea/model/IdeaLanguageLevelCustomizer> (0x00000000e6c2b3f0) thrown at [C:\re\workspace\8-2-build-windows-amd64-cygwin\jdk8u121\8372\hotspot\src\share\vm\classfile\systemDictionary.cp
Event: 50.617 Thread 0x0000000017d9a000 Exception <a 'java/lang/ClassNotFoundException': java/util/LinkedHashSetBeanInfo> (0x00000000e6cdab50) thrown at [C:\re\workspace\8-2-build-windows-amd64-cygwin\jdk8u121\8372\hotspot\src\share\vm\classfile\systemDictionary.cpp, line 210]
Event: 50.618 Thread 0x0000000017d9a000 Exception <a 'java/lang/ClassNotFoundException': java/util/HashSetBeanInfo> (0x00000000e6cdfb28) thrown at [C:\re\workspace\8-2-build-windows-amd64-cygwin\jdk8u121\8372\hotspot\src\share\vm\classfile\systemDictionary.cpp, line 210]
Event: 50.618 Thread 0x0000000017d9a000 Exception <a 'java/lang/ClassNotFoundException': java/util/AbstractSetBeanInfo> (0x00000000e6ce51d8) thrown at [C:\re\workspace\8-2-build-windows-amd64-cygwin\jdk8u121\8372\hotspot\src\share\vm\classfile\systemDictionary.cpp, line 210]
Event: 50.618 Thread 0x0000000017d9a000 Exception <a 'java/lang/ClassNotFoundException': java/util/AbstractSetCustomizer> (0x00000000e6ceaa18) thrown at [C:\re\workspace\8-2-build-windows-amd64-cygwin\jdk8u121\8372\hotspot\src\share\vm\classfile\systemDictionary.cpp, line 210]
Event: 50.619 Thread 0x0000000017d9a000 Exception <a 'java/lang/ClassNotFoundException': java/util/HashSetCustomizer> (0x00000000e6cf5628) thrown at [C:\re\workspace\8-2-build-windows-amd64-cygwin\jdk8u121\8372\hotspot\src\share\vm\classfile\systemDictionary.cpp, line 210]
Event: 50.619 Thread 0x0000000017d9a000 Exception <a 'java/lang/ClassNotFoundException': java/util/LinkedHashSetCustomizer> (0x00000000e6d05ce8) thrown at [C:\re\workspace\8-2-build-windows-amd64-cygwin\jdk8u121\8372\hotspot\src\share\vm\classfile\systemDictionary.cpp, line 210]

Events (10 events):
Event: 50.631 loading class org/gradle/plugins/ide/internal/resolver/UnresolvedDependenciesLogger
Event: 50.631 loading class org/gradle/plugins/ide/internal/resolver/UnresolvedDependenciesLogger done
Event: 50.631 loading class org/gradle/plugins/ide/idea/model/internal/IdeaDependenciesProvider$2
Event: 50.631 loading class org/gradle/plugins/ide/idea/model/internal/IdeaDependenciesProvider$2 done
Event: 50.632 loading class org/gradle/plugins/ide/idea/model/internal/IdeaDependenciesProvider$1
Event: 50.632 loading class org/gradle/plugins/ide/idea/model/internal/IdeaDependenciesProvider$1 done
Event: 50.634 loading class org/gradle/plugins/ide/idea/model/internal/IdeaDependenciesProvider$8
Event: 50.634 loading class org/gradle/plugins/ide/idea/model/internal/IdeaDependenciesProvider$8 done
Event: 50.636 loading class org/gradle/plugins/ide/idea/model/internal/IdeaDependenciesProvider$9
Event: 50.636 loading class org/gradle/plugins/ide/idea/model/internal/IdeaDependenciesProvider$9 done


Dynamic libraries:
0x00007ff78cda0000 - 0x00007ff78cdd7000 	C:\Program Files\Java\jdk1.8.0_121\bin\java.exe
0x00007ffcc0470000 - 0x00007ffcc061c000 	C:\Windows\SYSTEM32\ntdll.dll
0x00007ffcbe790000 - 0x00007ffcbe8ce000 	C:\Windows\system32\KERNEL32.DLL
0x00007ffcbd970000 - 0x00007ffcbda85000 	C:\Windows\system32\KERNELBASE.dll
0x00007ffcbc160000 - 0x00007ffcbc1ee000 	C:\Windows\system32\apphelp.dll
0x00007ffc97d50000 - 0x00007ffc97da3000 	C:\Windows\AppPatch\AppPatch64\AcGenral.DLL
0x00007ffcbe3f0000 - 0x00007ffcbe49a000 	C:\Windows\system32\msvcrt.dll
0x00007ffcbd380000 - 0x00007ffcbd3ae000 	C:\Windows\SYSTEM32\SspiCli.dll
0x00007ffcbded0000 - 0x00007ffcbdf24000 	C:\Windows\system32\SHLWAPI.dll
0x00007ffcbe8d0000 - 0x00007ffcbea47000 	C:\Windows\system32\USER32.dll
0x00007ffcbdaf0000 - 0x00007ffcbdc84000 	C:\Windows\system32\ole32.dll
0x00007ffcbea50000 - 0x00007ffcbff68000 	C:\Windows\system32\SHELL32.dll
0x00007ffcbcb60000 - 0x00007ffcbcb81000 	C:\Windows\SYSTEM32\USERENV.dll
0x00007ffcbdf30000 - 0x00007ffcbdfda000 	C:\Windows\system32\ADVAPI32.dll
0x00007ffcb1390000 - 0x00007ffcb13ae000 	C:\Windows\SYSTEM32\MPR.dll
0x00007ffcbffd0000 - 0x00007ffcc0111000 	C:\Windows\system32\RPCRT4.dll
0x00007ffcbdc90000 - 0x00007ffcbdce9000 	C:\Windows\SYSTEM32\sechost.dll
0x00007ffcbe560000 - 0x00007ffcbe771000 	C:\Windows\SYSTEM32\combase.dll
0x00007ffcbe060000 - 0x00007ffcbe1b1000 	C:\Windows\system32\GDI32.dll
0x00007ffcbd5c0000 - 0x00007ffcbd5d5000 	C:\Windows\SYSTEM32\profapi.dll
0x00007ffcbbb90000 - 0x00007ffcbbc42000 	C:\Windows\SYSTEM32\SHCORE.dll
0x00007ffcc0120000 - 0x00007ffcc0156000 	C:\Windows\system32\IMM32.DLL
0x00007ffcbe290000 - 0x00007ffcbe3e3000 	C:\Windows\system32\MSCTF.dll
0x00007ffcbadd0000 - 0x00007ffcbb04b000 	C:\Windows\WinSxS\amd64_microsoft.windows.common-controls_6595b64144ccf1df_6.0.9600.17415_none_6240486fecbd8abb\COMCTL32.dll
0x0000000070150000 - 0x0000000070222000 	C:\Program Files\Java\jdk1.8.0_121\jre\bin\msvcr100.dll
0x000000006d4d0000 - 0x000000006dd6b000 	C:\Program Files\Java\jdk1.8.0_121\jre\bin\server\jvm.dll
0x00007ffcb13c0000 - 0x00007ffcb13c9000 	C:\Windows\SYSTEM32\WSOCK32.dll
0x00007ffcb8410000 - 0x00007ffcb8432000 	C:\Windows\SYSTEM32\WINMM.dll
0x00007ffcb7c50000 - 0x00007ffcb7c5a000 	C:\Windows\SYSTEM32\VERSION.dll
0x00007ffcbe1c0000 - 0x00007ffcbe1c7000 	C:\Windows\system32\PSAPI.DLL
0x00007ffcc0230000 - 0x00007ffcc028a000 	C:\Windows\system32\WS2_32.dll
0x00007ffcb83e0000 - 0x00007ffcb840a000 	C:\Windows\SYSTEM32\WINMMBASE.dll
0x00007ffcbe050000 - 0x00007ffcbe059000 	C:\Windows\system32\NSI.dll
0x00007ffcbd740000 - 0x00007ffcbd78f000 	C:\Windows\SYSTEM32\cfgmgr32.dll
0x00007ffcbc3b0000 - 0x00007ffcbc3d8000 	C:\Windows\SYSTEM32\DEVOBJ.dll
0x00000000713d0000 - 0x00000000713df000 	C:\Program Files\Java\jdk1.8.0_121\jre\bin\verify.dll
0x00000000713a0000 - 0x00000000713c9000 	C:\Program Files\Java\jdk1.8.0_121\jre\bin\java.dll
0x0000000071380000 - 0x0000000071396000 	C:\Program Files\Java\jdk1.8.0_121\jre\bin\zip.dll
0x0000000071360000 - 0x000000007137a000 	C:\Program Files\Java\jdk1.8.0_121\jre\bin\net.dll
0x00007ffcbcdd0000 - 0x00007ffcbce29000 	C:\Windows\system32\mswsock.dll
0x0000000070130000 - 0x0000000070141000 	C:\Program Files\Java\jdk1.8.0_121\jre\bin\nio.dll
0x00007ffcb25d0000 - 0x00007ffcb25e2000 	C:\Users\Sandesh\.gradle\native\19\windows-amd64\native-platform.dll
0x00007ffcbce30000 - 0x00007ffcbce50000 	C:\Windows\SYSTEM32\CRYPTSP.dll
0x00007ffcbca50000 - 0x00007ffcbca86000 	C:\Windows\system32\rsaenh.dll
0x00007ffcbd0d0000 - 0x00007ffcbd0f6000 	C:\Windows\SYSTEM32\bcrypt.dll
0x00007ffcbd3c0000 - 0x00007ffcbd423000 	C:\Windows\system32\bcryptprimitives.dll
0x00007ffcbd430000 - 0x00007ffcbd43b000 	C:\Windows\SYSTEM32\CRYPTBASE.dll
0x00007ffcb82a0000 - 0x00007ffcb82ca000 	C:\Windows\SYSTEM32\IPHLPAPI.DLL
0x00007ffcb8270000 - 0x00007ffcb827a000 	C:\Windows\SYSTEM32\WINNSI.DLL
0x00007ffcb6740000 - 0x00007ffcb6756000 	C:\Windows\SYSTEM32\dhcpcsvc6.DLL
0x00007ffcb6840000 - 0x00007ffcb685a000 	C:\Windows\SYSTEM32\dhcpcsvc.DLL
0x0000000071350000 - 0x000000007135d000 	C:\Program Files\Java\jdk1.8.0_121\jre\bin\management.dll

VM Arguments:
jvm_args: -Xmx1536m -Dfile.encoding=windows-1252 -Duser.country=US -Duser.language=en -Duser.variant 
java_command: org.gradle.launcher.daemon.bootstrap.GradleDaemon 2.14.1
java_class_path (initial): C:\Program Files\Android\Android Studio\gradle\gradle-2.14.1\lib\gradle-launcher-2.14.1.jar
Launcher Type: SUN_STANDARD

Environment Variables:
JAVA_HOME=C:\Program Files\Java\jdk1.8.0_121
PATH=C:\ProgramData\Oracle\Java\javapath;C:\Program Files (x86)\OpenSSH\bin;C:\Program Files (x86)\Skype\Phone\;C:\Program Files (x86)\Brackets\command;C:\Program Files\Microsoft SQL Server\120\Tools\Binn\;C:\Program Files\nodejs\;C:\Program Files\MongoDB\;C:\Program Files\MongoDB\Server\3.2\;C:\Program Files (x86)\Heroku\bin;C:\Program Files (x86)\nodejs\;C:\Program Files (x86)\Notepad++;C:\MinGW\bin;C:\Program Files\Java\jdk1.8.0_60\bin;C:\Users\Sandesh\AppData\Local\Android\sdk\platform-tools;C:\Users\Sandesh\AppData\Local\Android\sdk\tools;C:\Users\Sandesh\Anaconda2;C:\Users\Sandesh\Anaconda2\Scripts;C:\Users\Sandesh\Anaconda2\Library\bin;C:\Ruby23-x64\bin;C:\ProgramData\Oracle\Java\javapath;C:\Program Files (x86)\Intel\iCLS Client\;C:\Program Files\Intel\iCLS Client\;C:\Windows\system32;C:\Windows;C:\Windows\System32\Wbem;C:\Windows\System32\WindowsPowerShell\v1.0\;C:\Program Files\Intel\Intel(R) Management Engine Components\DAL;C:\Program Files (x86)\Intel\Intel(R) Management Engine Components\DAL;C:\Program Files\Intel\Intel(R) Management Engine Components\IPT;C:\Program Files (x86)\Intel\Intel(R) Management Engine Components\IPT;C:\Program Files\Intel\WiFi\bin\;C:\Program Files\Common Files\Intel\WirelessCommon\;C:\Program Files (x86)\Skype\Phone\;;C:\softwares\maven\apache-maven-3.3.3\bin;C:\Users\Sandesh\AppData\Local\Enthought\Canopy\User;C:\Users\Sandesh\AppData\Local\Enthought\Canopy\User\Scripts;C:\Program Files (x86)\SSH Communications Security\SSH Secure Shell;C:\Users\Sandesh\AppData\Roaming\npm;C:\Program Files\;C:\Program Files (x86)\Java\jre7\bin;C:\Program Files\MySQL\MySQL Server 5.6\bin;C:\Program Files\Java\jdk1.7.0_79\bin;C:\Program Files (x86)\Microsoft VS Code\bin
USERNAME=Sandesh
OS=Windows_NT
PROCESSOR_IDENTIFIER=Intel64 Family 6 Model 61 Stepping 4, GenuineIntel



---------------  S Y S T E M  ---------------

OS: Windows 8.1 , 64 bit Build 9600 (6.3.9600.17415)

CPU:total 4 (2 cores per cpu, 2 threads per core) family 6 model 61 stepping 4, cmov, cx8, fxsr, mmx, sse, sse2, sse3, ssse3, sse4.1, sse4.2, popcnt, avx, avx2, aes, clmul, erms, 3dnowpref, lzcnt, ht, tsc, tscinvbit, bmi1, bmi2, adx

Memory: 4k page, physical 8301904k(883100k free), swap 11447632k(5888k free)

vm_info: Java HotSpot(TM) 64-Bit Server VM (25.121-b13) for windows-amd64 JRE (1.8.0_121-b13), built on Dec 12 2016 18:21:36 by "java_re" with MS VC++ 10.0 (VS2010)

time: Sun Jan 22 01:08:09 2017
elapsed time: 50 seconds (0d 0h 0m 50s)

